Started GET "/" for 127.0.0.1 at 2023-04-10 13:11:06 +0200
  
ActiveRecord::NoDatabaseError (We could not find your database: search_data_analytics_development. Which can be found in the database configuration file located at config/database.yml.

To resolve this issue:

- Did you create the database for this app, or delete it? You may need to create your database.
- Has the database name changed? Check your database.yml config has the correct database name.

To create your database, run:

        bin/rails db:create
):
  
activerecord (7.0.4.3) lib/active_record/connection_adapters/postgresql_adapter.rb:81:in `rescue in new_client'
activerecord (7.0.4.3) lib/active_record/connection_adapters/postgresql_adapter.rb:77:in `new_client'
activerecord (7.0.4.3) lib/active_record/connection_adapters/postgresql_adapter.rb:37:in `postgresql_connection'
activerecord (7.0.4.3) lib/active_record/connection_adapters/abstract/connection_pool.rb:656:in `public_send'
activerecord (7.0.4.3) lib/active_record/connection_adapters/abstract/connection_pool.rb:656:in `new_connection'
activerecord (7.0.4.3) lib/active_record/connection_adapters/abstract/connection_pool.rb:700:in `checkout_new_connection'
activerecord (7.0.4.3) lib/active_record/connection_adapters/abstract/connection_pool.rb:679:in `try_to_checkout_new_connection'
activerecord (7.0.4.3) lib/active_record/connection_adapters/abstract/connection_pool.rb:640:in `acquire_connection'
activerecord (7.0.4.3) lib/active_record/connection_adapters/abstract/connection_pool.rb:341:in `checkout'
activerecord (7.0.4.3) lib/active_record/connection_adapters/abstract/connection_pool.rb:181:in `connection'
activerecord (7.0.4.3) lib/active_record/connection_adapters/abstract/connection_handler.rb:211:in `retrieve_connection'
activerecord (7.0.4.3) lib/active_record/connection_handling.rb:313:in `retrieve_connection'
activerecord (7.0.4.3) lib/active_record/connection_handling.rb:280:in `connection'
activerecord (7.0.4.3) lib/active_record/migration.rb:613:in `connection'
activerecord (7.0.4.3) lib/active_record/migration.rb:608:in `build_watcher'
activerecord (7.0.4.3) lib/active_record/migration.rb:590:in `block in call'
activerecord (7.0.4.3) lib/active_record/migration.rb:589:in `synchronize'
activerecord (7.0.4.3) lib/active_record/migration.rb:589:in `call'
actionpack (7.0.4.3) lib/action_dispatch/middleware/callbacks.rb:27:in `block in call'
activesupport (7.0.4.3) lib/active_support/callbacks.rb:99:in `run_callbacks'
actionpack (7.0.4.3) lib/action_dispatch/middleware/callbacks.rb:26:in `call'
actionpack (7.0.4.3) lib/action_dispatch/middleware/executor.rb:14:in `call'
actionpack (7.0.4.3) lib/action_dispatch/middleware/actionable_exceptions.rb:17:in `call'
actionpack (7.0.4.3) lib/action_dispatch/middleware/debug_exceptions.rb:28:in `call'
web-console (4.2.0) lib/web_console/middleware.rb:132:in `call_app'
web-console (4.2.0) lib/web_console/middleware.rb:28:in `block in call'
web-console (4.2.0) lib/web_console/middleware.rb:17:in `catch'
web-console (4.2.0) lib/web_console/middleware.rb:17:in `call'
actionpack (7.0.4.3) lib/action_dispatch/middleware/show_exceptions.rb:26:in `call'
railties (7.0.4.3) lib/rails/rack/logger.rb:40:in `call_app'
railties (7.0.4.3) lib/rails/rack/logger.rb:25:in `block in call'
activesupport (7.0.4.3) lib/active_support/tagged_logging.rb:99:in `block in tagged'
activesupport (7.0.4.3) lib/active_support/tagged_logging.rb:37:in `tagged'
activesupport (7.0.4.3) lib/active_support/tagged_logging.rb:99:in `tagged'
railties (7.0.4.3) lib/rails/rack/logger.rb:25:in `call'
sprockets-rails (3.4.2) lib/sprockets/rails/quiet_assets.rb:13:in `call'
actionpack (7.0.4.3) lib/action_dispatch/middleware/remote_ip.rb:93:in `call'
actionpack (7.0.4.3) lib/action_dispatch/middleware/request_id.rb:26:in `call'
rack (2.2.6.4) lib/rack/method_override.rb:24:in `call'
rack (2.2.6.4) lib/rack/runtime.rb:22:in `call'
activesupport (7.0.4.3) lib/active_support/cache/strategy/local_cache_middleware.rb:29:in `call'
actionpack (7.0.4.3) lib/action_dispatch/middleware/server_timing.rb:61:in `block in call'
actionpack (7.0.4.3) lib/action_dispatch/middleware/server_timing.rb:26:in `collect_events'
actionpack (7.0.4.3) lib/action_dispatch/middleware/server_timing.rb:60:in `call'
actionpack (7.0.4.3) lib/action_dispatch/middleware/executor.rb:14:in `call'
actionpack (7.0.4.3) lib/action_dispatch/middleware/static.rb:23:in `call'
rack (2.2.6.4) lib/rack/sendfile.rb:110:in `call'
actionpack (7.0.4.3) lib/action_dispatch/middleware/host_authorization.rb:137:in `call'
railties (7.0.4.3) lib/rails/engine.rb:530:in `call'
puma (5.6.5) lib/puma/configuration.rb:252:in `call'
puma (5.6.5) lib/puma/request.rb:77:in `block in handle_request'
puma (5.6.5) lib/puma/thread_pool.rb:340:in `with_force_shutdown'
puma (5.6.5) lib/puma/request.rb:76:in `handle_request'
puma (5.6.5) lib/puma/server.rb:443:in `process_client'
puma (5.6.5) lib/puma/thread_pool.rb:147:in `block in spawn_thread'
Started POST "/rails/actions" for 127.0.0.1 at 2023-04-10 13:11:08 +0200
  [1m[35m (145.5ms)[0m  [1m[35mCREATE DATABASE "search_data_analytics_development" ENCODING = 'unicode'[0m
  [1m[35m (65.6ms)[0m  [1m[35mCREATE DATABASE "search_data_analytics_test" ENCODING = 'unicode'[0m
Started GET "/" for 127.0.0.1 at 2023-04-10 13:11:08 +0200
Processing by Rails::WelcomeController#index as HTML
  Rendering /Users/edisipka/.rbenv/versions/3.2.1/lib/ruby/gems/3.2.0/gems/railties-7.0.4.3/lib/rails/templates/rails/welcome/index.html.erb
  Rendered /Users/edisipka/.rbenv/versions/3.2.1/lib/ruby/gems/3.2.0/gems/railties-7.0.4.3/lib/rails/templates/rails/welcome/index.html.erb (Duration: 0.7ms | Allocations: 281)
Completed 200 OK in 6ms (Views: 1.3ms | ActiveRecord: 0.0ms | Allocations: 2758)


  [1m[35m (15.1ms)[0m  [1m[35mCREATE TABLE "schema_migrations" ("version" character varying NOT NULL PRIMARY KEY)[0m
  [1m[35m (7.3ms)[0m  [1m[35mCREATE TABLE "ar_internal_metadata" ("key" character varying NOT NULL PRIMARY KEY, "value" character varying, "created_at" timestamp(6) NOT NULL, "updated_at" timestamp(6) NOT NULL)[0m
  [1m[35m (0.3ms)[0m  [1m[34mSELECT pg_try_advisory_lock(2256836798972005950)[0m
  [1m[36mActiveRecord::SchemaMigration Pluck (0.8ms)[0m  [1m[34mSELECT "schema_migrations"."version" FROM "schema_migrations" ORDER BY "schema_migrations"."version" ASC[0m
Migrating to CreateArticles (20230410130425)
  [1m[36mTRANSACTION (0.3ms)[0m  [1m[35mBEGIN[0m
  [1m[35m (7.4ms)[0m  [1m[35mCREATE TABLE "articles" ("id" bigserial primary key, "title" character varying, "created_at" timestamp(6) NOT NULL, "updated_at" timestamp(6) NOT NULL)[0m
  [1m[36mActiveRecord::SchemaMigration Create (0.4ms)[0m  [1m[32mINSERT INTO "schema_migrations" ("version") VALUES ($1) RETURNING "version"[0m  [["version", "20230410130425"]]
  [1m[36mTRANSACTION (0.2ms)[0m  [1m[35mCOMMIT[0m
Migrating to CreateSearches (20230410130511)
  [1m[36mTRANSACTION (0.3ms)[0m  [1m[35mBEGIN[0m
  [1m[35m (18.8ms)[0m  [1m[35mCREATE TABLE "searches" ("id" bigserial primary key, "query" character varying, "user_id" bigint NOT NULL, "created_at" timestamp(6) NOT NULL, "updated_at" timestamp(6) NOT NULL, CONSTRAINT "fk_rails_e192b86393"
FOREIGN KEY ("user_id")
  REFERENCES "users" ("id")
)[0m
  [1m[36mTRANSACTION (0.3ms)[0m  [1m[31mROLLBACK[0m
  [1m[35m (1.6ms)[0m  [1m[34mSELECT pg_advisory_unlock(2256836798972005950)[0m
  [1m[35m (0.2ms)[0m  [1m[34mSELECT pg_try_advisory_lock(2256836798972005950)[0m
  [1m[36mActiveRecord::SchemaMigration Pluck (0.5ms)[0m  [1m[34mSELECT "schema_migrations"."version" FROM "schema_migrations" ORDER BY "schema_migrations"."version" ASC[0m
Migrating to CreateUsers (20230410130723)
  [1m[36mTRANSACTION (0.1ms)[0m  [1m[35mBEGIN[0m
  [1m[35m (3.3ms)[0m  [1m[35mCREATE TABLE "users" ("id" bigserial primary key, "ip_address" character varying, "created_at" timestamp(6) NOT NULL, "updated_at" timestamp(6) NOT NULL)[0m
  [1m[36mActiveRecord::SchemaMigration Create (0.3ms)[0m  [1m[32mINSERT INTO "schema_migrations" ("version") VALUES ($1) RETURNING "version"[0m  [["version", "20230410130723"]]
  [1m[36mTRANSACTION (0.3ms)[0m  [1m[35mCOMMIT[0m
Migrating to CreateSearches (20230410130745)
  [1m[36mTRANSACTION (0.4ms)[0m  [1m[35mBEGIN[0m
  [1m[35m (4.8ms)[0m  [1m[35mCREATE TABLE "searches" ("id" bigserial primary key, "query" character varying, "user_id" bigint NOT NULL, "created_at" timestamp(6) NOT NULL, "updated_at" timestamp(6) NOT NULL, CONSTRAINT "fk_rails_e192b86393"
FOREIGN KEY ("user_id")
  REFERENCES "users" ("id")
)[0m
  [1m[35m (1.3ms)[0m  [1m[35mCREATE INDEX "index_searches_on_user_id" ON "searches" ("user_id")[0m
  [1m[36mActiveRecord::SchemaMigration Create (0.2ms)[0m  [1m[32mINSERT INTO "schema_migrations" ("version") VALUES ($1) RETURNING "version"[0m  [["version", "20230410130745"]]
  [1m[36mTRANSACTION (0.8ms)[0m  [1m[35mCOMMIT[0m
  [1m[36mActiveRecord::InternalMetadata Load (4.1ms)[0m  [1m[34mSELECT "ar_internal_metadata".* FROM "ar_internal_metadata" WHERE "ar_internal_metadata"."key" = $1 LIMIT $2[0m  [["key", "environment"], ["LIMIT", 1]]
  [1m[36mTRANSACTION (0.2ms)[0m  [1m[35mBEGIN[0m
  [1m[36mActiveRecord::InternalMetadata Create (0.5ms)[0m  [1m[32mINSERT INTO "ar_internal_metadata" ("key", "value", "created_at", "updated_at") VALUES ($1, $2, $3, $4) RETURNING "key"[0m  [["key", "environment"], ["value", "development"], ["created_at", "2023-04-10 13:08:01.061517"], ["updated_at", "2023-04-10 13:08:01.061517"]]
  [1m[36mTRANSACTION (0.3ms)[0m  [1m[35mCOMMIT[0m
  [1m[35m (0.3ms)[0m  [1m[34mSELECT pg_advisory_unlock(2256836798972005950)[0m
  [1m[36mActiveRecord::SchemaMigration Pluck (0.7ms)[0m  [1m[34mSELECT "schema_migrations"."version" FROM "schema_migrations" ORDER BY "schema_migrations"."version" ASC[0m
  [1m[36mActiveRecord::SchemaMigration Pluck (1.0ms)[0m  [1m[34mSELECT "schema_migrations"."version" FROM "schema_migrations" ORDER BY "schema_migrations"."version" ASC[0m
  [1m[36mActiveRecord::SchemaMigration Pluck (0.9ms)[0m  [1m[34mSELECT "schema_migrations"."version" FROM "schema_migrations" ORDER BY "schema_migrations"."version" ASC[0m
  [1m[36mActiveRecord::SchemaMigration Pluck (1.0ms)[0m  [1m[34mSELECT "schema_migrations"."version" FROM "schema_migrations" ORDER BY "schema_migrations"."version" ASC[0m
  [1m[36mActiveRecord::SchemaMigration Pluck (0.5ms)[0m  [1m[34mSELECT "schema_migrations"."version" FROM "schema_migrations" ORDER BY "schema_migrations"."version" ASC[0m
  [1m[36mActiveRecord::SchemaMigration Pluck (1.0ms)[0m  [1m[34mSELECT "schema_migrations"."version" FROM "schema_migrations" ORDER BY "schema_migrations"."version" ASC[0m
  [1m[36mTRANSACTION (0.1ms)[0m  [1m[35mBEGIN[0m
  [1m[36mArticle Create (1.0ms)[0m  [1m[32mINSERT INTO "articles" ("title", "created_at", "updated_at") VALUES ($1, $2, $3) RETURNING "id"[0m  [["title", "Future Tech"], ["created_at", "2023-04-10 14:54:58.560315"], ["updated_at", "2023-04-10 14:54:58.560315"]]
  [1m[36mTRANSACTION (0.6ms)[0m  [1m[35mCOMMIT[0m
  [1m[36mTRANSACTION (0.1ms)[0m  [1m[35mBEGIN[0m
  [1m[36mArticle Create (0.5ms)[0m  [1m[32mINSERT INTO "articles" ("title", "created_at", "updated_at") VALUES ($1, $2, $3) RETURNING "id"[0m  [["title", "Green Living"], ["created_at", "2023-04-10 14:54:58.564248"], ["updated_at", "2023-04-10 14:54:58.564248"]]
  [1m[36mTRANSACTION (0.4ms)[0m  [1m[35mCOMMIT[0m
  [1m[36mTRANSACTION (0.1ms)[0m  [1m[35mBEGIN[0m
  [1m[36mArticle Create (0.2ms)[0m  [1m[32mINSERT INTO "articles" ("title", "created_at", "updated_at") VALUES ($1, $2, $3) RETURNING "id"[0m  [["title", "New Horizons"], ["created_at", "2023-04-10 14:54:58.582918"], ["updated_at", "2023-04-10 14:54:58.582918"]]
  [1m[36mTRANSACTION (0.3ms)[0m  [1m[35mCOMMIT[0m
  [1m[36mTRANSACTION (0.1ms)[0m  [1m[35mBEGIN[0m
  [1m[36mArticle Create (0.3ms)[0m  [1m[32mINSERT INTO "articles" ("title", "created_at", "updated_at") VALUES ($1, $2, $3) RETURNING "id"[0m  [["title", "Tech Impact"], ["created_at", "2023-04-10 14:54:58.584849"], ["updated_at", "2023-04-10 14:54:58.584849"]]
  [1m[36mTRANSACTION (0.3ms)[0m  [1m[35mCOMMIT[0m
  [1m[36mTRANSACTION (0.1ms)[0m  [1m[35mBEGIN[0m
  [1m[36mArticle Create (0.4ms)[0m  [1m[32mINSERT INTO "articles" ("title", "created_at", "updated_at") VALUES ($1, $2, $3) RETURNING "id"[0m  [["title", "Science meets Health"], ["created_at", "2023-04-10 14:54:58.586464"], ["updated_at", "2023-04-10 14:54:58.586464"]]
  [1m[36mTRANSACTION (0.3ms)[0m  [1m[35mCOMMIT[0m
  [1m[36mTRANSACTION (0.1ms)[0m  [1m[35mBEGIN[0m
  [1m[36mArticle Create (0.3ms)[0m  [1m[32mINSERT INTO "articles" ("title", "created_at", "updated_at") VALUES ($1, $2, $3) RETURNING "id"[0m  [["title", "Digital Wealth"], ["created_at", "2023-04-10 14:54:58.588803"], ["updated_at", "2023-04-10 14:54:58.588803"]]
  [1m[36mTRANSACTION (0.3ms)[0m  [1m[35mCOMMIT[0m
  [1m[36mTRANSACTION (0.2ms)[0m  [1m[35mBEGIN[0m
  [1m[36mArticle Create (0.7ms)[0m  [1m[32mINSERT INTO "articles" ("title", "created_at", "updated_at") VALUES ($1, $2, $3) RETURNING "id"[0m  [["title", "Changing Dynamics"], ["created_at", "2023-04-10 14:54:58.590567"], ["updated_at", "2023-04-10 14:54:58.590567"]]
  [1m[36mTRANSACTION (0.4ms)[0m  [1m[35mCOMMIT[0m
  [1m[36mTRANSACTION (0.2ms)[0m  [1m[35mBEGIN[0m
  [1m[36mArticle Create (0.3ms)[0m  [1m[32mINSERT INTO "articles" ("title", "created_at", "updated_at") VALUES ($1, $2, $3) RETURNING "id"[0m  [["title", "Urban Evolution"], ["created_at", "2023-04-10 14:54:58.592936"], ["updated_at", "2023-04-10 14:54:58.592936"]]
  [1m[36mTRANSACTION (0.3ms)[0m  [1m[35mCOMMIT[0m
  [1m[36mTRANSACTION (0.1ms)[0m  [1m[35mBEGIN[0m
  [1m[36mArticle Create (0.3ms)[0m  [1m[32mINSERT INTO "articles" ("title", "created_at", "updated_at") VALUES ($1, $2, $3) RETURNING "id"[0m  [["title", "Clean Future"], ["created_at", "2023-04-10 14:54:58.595017"], ["updated_at", "2023-04-10 14:54:58.595017"]]
  [1m[36mTRANSACTION (0.3ms)[0m  [1m[35mCOMMIT[0m
  [1m[36mTRANSACTION (0.1ms)[0m  [1m[35mBEGIN[0m
  [1m[36mArticle Create (0.3ms)[0m  [1m[32mINSERT INTO "articles" ("title", "created_at", "updated_at") VALUES ($1, $2, $3) RETURNING "id"[0m  [["title", "Innovation Unleashed"], ["created_at", "2023-04-10 14:54:58.596950"], ["updated_at", "2023-04-10 14:54:58.596950"]]
  [1m[36mTRANSACTION (0.3ms)[0m  [1m[35mCOMMIT[0m
  [1m[36mTRANSACTION (0.1ms)[0m  [1m[35mBEGIN[0m
  [1m[36mArticle Create (0.2ms)[0m  [1m[32mINSERT INTO "articles" ("title", "created_at", "updated_at") VALUES ($1, $2, $3) RETURNING "id"[0m  [["title", "Protecting Data"], ["created_at", "2023-04-10 14:54:58.598790"], ["updated_at", "2023-04-10 14:54:58.598790"]]
  [1m[36mTRANSACTION (0.3ms)[0m  [1m[35mCOMMIT[0m
  [1m[36mTRANSACTION (0.1ms)[0m  [1m[35mBEGIN[0m
  [1m[36mArticle Create (0.3ms)[0m  [1m[32mINSERT INTO "articles" ("title", "created_at", "updated_at") VALUES ($1, $2, $3) RETURNING "id"[0m  [["title", "Ethical Dilemmas"], ["created_at", "2023-04-10 14:54:58.600344"], ["updated_at", "2023-04-10 14:54:58.600344"]]
  [1m[36mTRANSACTION (0.3ms)[0m  [1m[35mCOMMIT[0m
  [1m[36mTRANSACTION (0.1ms)[0m  [1m[35mBEGIN[0m
  [1m[36mArticle Create (0.2ms)[0m  [1m[32mINSERT INTO "articles" ("title", "created_at", "updated_at") VALUES ($1, $2, $3) RETURNING "id"[0m  [["title", "Manufacturing Revolution"], ["created_at", "2023-04-10 14:54:58.601870"], ["updated_at", "2023-04-10 14:54:58.601870"]]
  [1m[36mTRANSACTION (0.3ms)[0m  [1m[35mCOMMIT[0m
  [1m[36mTRANSACTION (0.1ms)[0m  [1m[35mBEGIN[0m
  [1m[36mArticle Create (0.2ms)[0m  [1m[32mINSERT INTO "articles" ("title", "created_at", "updated_at") VALUES ($1, $2, $3) RETURNING "id"[0m  [["title", "Transforming Industries"], ["created_at", "2023-04-10 14:54:58.603363"], ["updated_at", "2023-04-10 14:54:58.603363"]]
  [1m[36mTRANSACTION (0.3ms)[0m  [1m[35mCOMMIT[0m
  [1m[36mTRANSACTION (0.1ms)[0m  [1m[35mBEGIN[0m
  [1m[36mArticle Create (0.3ms)[0m  [1m[32mINSERT INTO "articles" ("title", "created_at", "updated_at") VALUES ($1, $2, $3) RETURNING "id"[0m  [["title", "Wellness Revolution"], ["created_at", "2023-04-10 14:54:58.604889"], ["updated_at", "2023-04-10 14:54:58.604889"]]
  [1m[36mTRANSACTION (0.6ms)[0m  [1m[35mCOMMIT[0m
  [1m[36mTRANSACTION (0.1ms)[0m  [1m[35mBEGIN[0m
  [1m[36mArticle Create (0.2ms)[0m  [1m[32mINSERT INTO "articles" ("title", "created_at", "updated_at") VALUES ($1, $2, $3) RETURNING "id"[0m  [["title", "Digital Realities"], ["created_at", "2023-04-10 14:54:58.606744"], ["updated_at", "2023-04-10 14:54:58.606744"]]
  [1m[36mTRANSACTION (0.3ms)[0m  [1m[35mCOMMIT[0m
  [1m[36mTRANSACTION (0.1ms)[0m  [1m[35mBEGIN[0m
  [1m[36mArticle Create (0.3ms)[0m  [1m[32mINSERT INTO "articles" ("title", "created_at", "updated_at") VALUES ($1, $2, $3) RETURNING "id"[0m  [["title", "Connected World"], ["created_at", "2023-04-10 14:54:58.608340"], ["updated_at", "2023-04-10 14:54:58.608340"]]
  [1m[36mTRANSACTION (0.3ms)[0m  [1m[35mCOMMIT[0m
  [1m[36mTRANSACTION (0.1ms)[0m  [1m[35mBEGIN[0m
  [1m[36mArticle Create (0.2ms)[0m  [1m[32mINSERT INTO "articles" ("title", "created_at", "updated_at") VALUES ($1, $2, $3) RETURNING "id"[0m  [["title", "Protecting Information"], ["created_at", "2023-04-10 14:54:58.609892"], ["updated_at", "2023-04-10 14:54:58.609892"]]
  [1m[36mTRANSACTION (0.3ms)[0m  [1m[35mCOMMIT[0m
  [1m[36mTRANSACTION (0.1ms)[0m  [1m[35mBEGIN[0m
  [1m[36mArticle Create (0.2ms)[0m  [1m[32mINSERT INTO "articles" ("title", "created_at", "updated_at") VALUES ($1, $2, $3) RETURNING "id"[0m  [["title", "Impact of eco savings"], ["created_at", "2023-04-10 14:54:58.611379"], ["updated_at", "2023-04-10 14:54:58.611379"]]
  [1m[36mTRANSACTION (0.3ms)[0m  [1m[35mCOMMIT[0m
  [1m[36mTRANSACTION (0.1ms)[0m  [1m[35mBEGIN[0m
  [1m[36mArticle Create (0.2ms)[0m  [1m[32mINSERT INTO "articles" ("title", "created_at", "updated_at") VALUES ($1, $2, $3) RETURNING "id"[0m  [["title", "Generation of Technology"], ["created_at", "2023-04-10 14:54:58.612913"], ["updated_at", "2023-04-10 14:54:58.612913"]]
  [1m[36mTRANSACTION (0.3ms)[0m  [1m[35mCOMMIT[0m
  [1m[36mArticle Load (0.7ms)[0m  [1m[34mSELECT "articles".* FROM "articles"[0m
Started GET "/" for 127.0.0.1 at 2023-04-10 23:41:29 +0200
  [1m[36mActiveRecord::SchemaMigration Pluck (2.6ms)[0m  [1m[34mSELECT "schema_migrations"."version" FROM "schema_migrations" ORDER BY "schema_migrations"."version" ASC[0m
Processing by ArticlesController#index as HTML
  Rendering layout layouts/application.html.erb
  Rendering articles/index.html.erb within layouts/application
  Rendered articles/index.html.erb within layouts/application (Duration: 2.7ms | Allocations: 1856)
  Rendered layout layouts/application.html.erb (Duration: 2.8ms | Allocations: 1958)
Completed 500 Internal Server Error in 48ms (ActiveRecord: 0.0ms | Allocations: 5802)


  
ActionView::Template::Error (Missing partial articles/_articles, application/_articles with {:locale=>[:en], :formats=>[:html], :variants=>[], :handlers=>[:raw, :erb, :html, :builder, :ruby, :jbuilder]}.

Searched in:
  * "/Users/edisipka/Desktop/search_data_analytics/app/views"
  * "/Users/edisipka/.rbenv/versions/3.2.1/lib/ruby/gems/3.2.0/gems/turbo-rails-1.4.0/app/views"
  * "/Users/edisipka/.rbenv/versions/3.2.1/lib/ruby/gems/3.2.0/gems/actiontext-7.0.4.3/app/views"
  * "/Users/edisipka/.rbenv/versions/3.2.1/lib/ruby/gems/3.2.0/gems/actionmailbox-7.0.4.3/app/views"
):
    1: <div>
    2:   <%= render "articles", articles: @articles %>
    3: </div>
  
app/views/articles/index.html.erb:2
Started GET "/" for 127.0.0.1 at 2023-04-10 23:42:05 +0200
Processing by ArticlesController#index as HTML
  Rendering layout layouts/application.html.erb
  Rendering articles/index.html.erb within layouts/application
  [1m[36mArticle Load (5.5ms)[0m  [1m[34mSELECT "articles".* FROM "articles"[0m
  ↳ app/views/articles/index.html.erb:2
  Rendered articles/index.html.erb within layouts/application (Duration: 30.3ms | Allocations: 16127)
  Rendered layout layouts/application.html.erb (Duration: 30.4ms | Allocations: 16216)
Completed 500 Internal Server Error in 32ms (ActiveRecord: 12.9ms | Allocations: 16953)


  
ActionView::Template::Error (Missing partial articles/_article with {:locale=>[:en], :formats=>[:html], :variants=>[], :handlers=>[:raw, :erb, :html, :builder, :ruby, :jbuilder]}.

Searched in:
  * "/Users/edisipka/Desktop/search_data_analytics/app/views"
  * "/Users/edisipka/.rbenv/versions/3.2.1/lib/ruby/gems/3.2.0/gems/turbo-rails-1.4.0/app/views"
  * "/Users/edisipka/.rbenv/versions/3.2.1/lib/ruby/gems/3.2.0/gems/actiontext-7.0.4.3/app/views"
  * "/Users/edisipka/.rbenv/versions/3.2.1/lib/ruby/gems/3.2.0/gems/actionmailbox-7.0.4.3/app/views"
):
    1: <div>
    2:   <%= render @articles %>
    3: </div>
  
app/views/articles/index.html.erb:2
Started GET "/" for 127.0.0.1 at 2023-04-10 23:42:06 +0200
Processing by ArticlesController#index as HTML
  Rendering layout layouts/application.html.erb
  Rendering articles/index.html.erb within layouts/application
  [1m[36mArticle Load (0.6ms)[0m  [1m[34mSELECT "articles".* FROM "articles"[0m
  ↳ app/views/articles/index.html.erb:2
  Rendered articles/index.html.erb within layouts/application (Duration: 5.1ms | Allocations: 1885)
  Rendered layout layouts/application.html.erb (Duration: 5.5ms | Allocations: 1972)
Completed 500 Internal Server Error in 7ms (ActiveRecord: 0.6ms | Allocations: 2219)


  
ActionView::Template::Error (Missing partial articles/_article with {:locale=>[:en], :formats=>[:html], :variants=>[], :handlers=>[:raw, :erb, :html, :builder, :ruby, :jbuilder]}.

Searched in:
  * "/Users/edisipka/Desktop/search_data_analytics/app/views"
  * "/Users/edisipka/.rbenv/versions/3.2.1/lib/ruby/gems/3.2.0/gems/turbo-rails-1.4.0/app/views"
  * "/Users/edisipka/.rbenv/versions/3.2.1/lib/ruby/gems/3.2.0/gems/actiontext-7.0.4.3/app/views"
  * "/Users/edisipka/.rbenv/versions/3.2.1/lib/ruby/gems/3.2.0/gems/actionmailbox-7.0.4.3/app/views"
):
    1: <div>
    2:   <%= render @articles %>
    3: </div>
  
app/views/articles/index.html.erb:2
Started GET "/" for 127.0.0.1 at 2023-04-10 23:42:07 +0200
Processing by ArticlesController#index as HTML
  Rendering layout layouts/application.html.erb
  Rendering articles/index.html.erb within layouts/application
  [1m[36mArticle Load (0.4ms)[0m  [1m[34mSELECT "articles".* FROM "articles"[0m
  ↳ app/views/articles/index.html.erb:2
  Rendered articles/index.html.erb within layouts/application (Duration: 5.3ms | Allocations: 1892)
  Rendered layout layouts/application.html.erb (Duration: 5.6ms | Allocations: 1980)
Completed 500 Internal Server Error in 7ms (ActiveRecord: 0.4ms | Allocations: 2232)


  
ActionView::Template::Error (Missing partial articles/_article with {:locale=>[:en], :formats=>[:html], :variants=>[], :handlers=>[:raw, :erb, :html, :builder, :ruby, :jbuilder]}.

Searched in:
  * "/Users/edisipka/Desktop/search_data_analytics/app/views"
  * "/Users/edisipka/.rbenv/versions/3.2.1/lib/ruby/gems/3.2.0/gems/turbo-rails-1.4.0/app/views"
  * "/Users/edisipka/.rbenv/versions/3.2.1/lib/ruby/gems/3.2.0/gems/actiontext-7.0.4.3/app/views"
  * "/Users/edisipka/.rbenv/versions/3.2.1/lib/ruby/gems/3.2.0/gems/actionmailbox-7.0.4.3/app/views"
):
    1: <div>
    2:   <%= render @articles %>
    3: </div>
  
app/views/articles/index.html.erb:2
Started GET "/" for 127.0.0.1 at 2023-04-10 23:42:08 +0200
Processing by ArticlesController#index as HTML
  Rendering layout layouts/application.html.erb
  Rendering articles/index.html.erb within layouts/application
  [1m[36mArticle Load (0.5ms)[0m  [1m[34mSELECT "articles".* FROM "articles"[0m
  ↳ app/views/articles/index.html.erb:2
  Rendered articles/index.html.erb within layouts/application (Duration: 3.7ms | Allocations: 1892)
  Rendered layout layouts/application.html.erb (Duration: 3.9ms | Allocations: 1980)
Completed 500 Internal Server Error in 5ms (ActiveRecord: 0.5ms | Allocations: 2232)


  
ActionView::Template::Error (Missing partial articles/_article with {:locale=>[:en], :formats=>[:html], :variants=>[], :handlers=>[:raw, :erb, :html, :builder, :ruby, :jbuilder]}.

Searched in:
  * "/Users/edisipka/Desktop/search_data_analytics/app/views"
  * "/Users/edisipka/.rbenv/versions/3.2.1/lib/ruby/gems/3.2.0/gems/turbo-rails-1.4.0/app/views"
  * "/Users/edisipka/.rbenv/versions/3.2.1/lib/ruby/gems/3.2.0/gems/actiontext-7.0.4.3/app/views"
  * "/Users/edisipka/.rbenv/versions/3.2.1/lib/ruby/gems/3.2.0/gems/actionmailbox-7.0.4.3/app/views"
):
    1: <div>
    2:   <%= render @articles %>
    3: </div>
  
app/views/articles/index.html.erb:2
Started GET "/" for 127.0.0.1 at 2023-04-10 23:42:08 +0200
Processing by ArticlesController#index as HTML
  Rendering layout layouts/application.html.erb
  Rendering articles/index.html.erb within layouts/application
  [1m[36mArticle Load (0.5ms)[0m  [1m[34mSELECT "articles".* FROM "articles"[0m
  ↳ app/views/articles/index.html.erb:2
  Rendered articles/index.html.erb within layouts/application (Duration: 4.6ms | Allocations: 1892)
  Rendered layout layouts/application.html.erb (Duration: 4.9ms | Allocations: 1980)
Completed 500 Internal Server Error in 6ms (ActiveRecord: 0.5ms | Allocations: 2232)


  
ActionView::Template::Error (Missing partial articles/_article with {:locale=>[:en], :formats=>[:html], :variants=>[], :handlers=>[:raw, :erb, :html, :builder, :ruby, :jbuilder]}.

Searched in:
  * "/Users/edisipka/Desktop/search_data_analytics/app/views"
  * "/Users/edisipka/.rbenv/versions/3.2.1/lib/ruby/gems/3.2.0/gems/turbo-rails-1.4.0/app/views"
  * "/Users/edisipka/.rbenv/versions/3.2.1/lib/ruby/gems/3.2.0/gems/actiontext-7.0.4.3/app/views"
  * "/Users/edisipka/.rbenv/versions/3.2.1/lib/ruby/gems/3.2.0/gems/actionmailbox-7.0.4.3/app/views"
):
    1: <div>
    2:   <%= render @articles %>
    3: </div>
  
app/views/articles/index.html.erb:2
Started GET "/" for 127.0.0.1 at 2023-04-10 23:42:09 +0200
Processing by ArticlesController#index as HTML
  Rendering layout layouts/application.html.erb
  Rendering articles/index.html.erb within layouts/application
  [1m[36mArticle Load (0.8ms)[0m  [1m[34mSELECT "articles".* FROM "articles"[0m
  ↳ app/views/articles/index.html.erb:2
  Rendered articles/index.html.erb within layouts/application (Duration: 9.0ms | Allocations: 1885)
  Rendered layout layouts/application.html.erb (Duration: 9.3ms | Allocations: 1972)
Completed 500 Internal Server Error in 10ms (ActiveRecord: 0.8ms | Allocations: 2217)


  
ActionView::Template::Error (Missing partial articles/_article with {:locale=>[:en], :formats=>[:html], :variants=>[], :handlers=>[:raw, :erb, :html, :builder, :ruby, :jbuilder]}.

Searched in:
  * "/Users/edisipka/Desktop/search_data_analytics/app/views"
  * "/Users/edisipka/.rbenv/versions/3.2.1/lib/ruby/gems/3.2.0/gems/turbo-rails-1.4.0/app/views"
  * "/Users/edisipka/.rbenv/versions/3.2.1/lib/ruby/gems/3.2.0/gems/actiontext-7.0.4.3/app/views"
  * "/Users/edisipka/.rbenv/versions/3.2.1/lib/ruby/gems/3.2.0/gems/actionmailbox-7.0.4.3/app/views"
):
    1: <div>
    2:   <%= render @articles %>
    3: </div>
  
app/views/articles/index.html.erb:2
Started GET "/" for ::1 at 2023-04-11 15:25:54 +0200
  [1m[36mActiveRecord::SchemaMigration Pluck (1.4ms)[0m  [1m[34mSELECT "schema_migrations"."version" FROM "schema_migrations" ORDER BY "schema_migrations"."version" ASC[0m
Processing by ArticlesController#index as HTML
  [1m[36mUser Load (1.2ms)[0m  [1m[34mSELECT "users".* FROM "users" WHERE "users"."ip_address" = $1 LIMIT $2[0m  [["ip_address", "::1"], ["LIMIT", 1]]
  ↳ app/controllers/application_controller.rb:11:in `logged_user'
  [1m[36mTRANSACTION (0.1ms)[0m  [1m[35mBEGIN[0m
  ↳ app/controllers/application_controller.rb:11:in `logged_user'
  [1m[36mUser Exists? (0.2ms)[0m  [1m[34mSELECT 1 AS one FROM "users" WHERE "users"."ip_address" = $1 LIMIT $2[0m  [["ip_address", "::1"], ["LIMIT", 1]]
  ↳ app/controllers/application_controller.rb:11:in `logged_user'
  [1m[36mUser Create (3.4ms)[0m  [1m[32mINSERT INTO "users" ("ip_address", "created_at", "updated_at") VALUES ($1, $2, $3) RETURNING "id"[0m  [["ip_address", "::1"], ["created_at", "2023-04-11 13:25:54.183521"], ["updated_at", "2023-04-11 13:25:54.183521"]]
  ↳ app/controllers/application_controller.rb:11:in `logged_user'
  [1m[36mTRANSACTION (0.5ms)[0m  [1m[35mCOMMIT[0m
  ↳ app/controllers/application_controller.rb:11:in `logged_user'
  Rendering layout layouts/application.html.erb
  Rendering articles/index.html.erb within layouts/application
  Rendered articles/index.html.erb within layouts/application (Duration: 1.5ms | Allocations: 1914)
  Rendered layout layouts/application.html.erb (Duration: 1.5ms | Allocations: 2016)
Completed 500 Internal Server Error in 36ms (ActiveRecord: 14.5ms | Allocations: 17587)


  
ActionView::Template::Error (Missing partial articles/_articles, application/_articles with {:locale=>[:en], :formats=>[:html], :variants=>[], :handlers=>[:raw, :erb, :html, :builder, :ruby, :jbuilder]}.

Searched in:
  * "/Users/edisipka/Desktop/search_data_analytics/app/views"
  * "/Users/edisipka/.rbenv/versions/3.2.1/lib/ruby/gems/3.2.0/gems/turbo-rails-1.4.0/app/views"
  * "/Users/edisipka/.rbenv/versions/3.2.1/lib/ruby/gems/3.2.0/gems/actiontext-7.0.4.3/app/views"
  * "/Users/edisipka/.rbenv/versions/3.2.1/lib/ruby/gems/3.2.0/gems/actionmailbox-7.0.4.3/app/views"
):
    1: <div>
    2:   <%= render "articles", articles: @articles %>
    3: </div>
    4: <div>
    5:   <% @articles.present? %>
  
app/views/articles/index.html.erb:2
Started GET "/" for ::1 at 2023-04-11 15:26:59 +0200
Processing by ArticlesController#index as HTML
  [1m[36mUser Load (0.6ms)[0m  [1m[34mSELECT "users".* FROM "users" WHERE "users"."ip_address" = $1 LIMIT $2[0m  [["ip_address", "::1"], ["LIMIT", 1]]
  ↳ app/controllers/application_controller.rb:11:in `logged_user'
  Rendering layout layouts/application.html.erb
  Rendering articles/index.html.erb within layouts/application
  Rendered articles/index.html.erb within layouts/application (Duration: 3.1ms | Allocations: 1499)
  Rendered layout layouts/application.html.erb (Duration: 3.4ms | Allocations: 1588)
Completed 500 Internal Server Error in 14ms (ActiveRecord: 0.6ms | Allocations: 3055)


  
ActionView::Template::Error (Missing partial articles/_articles, application/_articles with {:locale=>[:en], :formats=>[:html], :variants=>[], :handlers=>[:raw, :erb, :html, :builder, :ruby, :jbuilder]}.

Searched in:
  * "/Users/edisipka/Desktop/search_data_analytics/app/views"
  * "/Users/edisipka/.rbenv/versions/3.2.1/lib/ruby/gems/3.2.0/gems/turbo-rails-1.4.0/app/views"
  * "/Users/edisipka/.rbenv/versions/3.2.1/lib/ruby/gems/3.2.0/gems/actiontext-7.0.4.3/app/views"
  * "/Users/edisipka/.rbenv/versions/3.2.1/lib/ruby/gems/3.2.0/gems/actionmailbox-7.0.4.3/app/views"
):
    1: 
    2: <%= render "articles", articles: @articles %>
    3: <h1>Articles</h1>
    4: 
    5: <%= form_with(url: articles_path, method: :get, data: { controller: "search-form", turbo_frame: "articles", turbo_action: "advance" }) do |form| %>
  
app/views/articles/index.html.erb:2
Started GET "/" for ::1 at 2023-04-11 15:27:00 +0200
Processing by ArticlesController#index as HTML
  [1m[36mUser Load (0.3ms)[0m  [1m[34mSELECT "users".* FROM "users" WHERE "users"."ip_address" = $1 LIMIT $2[0m  [["ip_address", "::1"], ["LIMIT", 1]]
  ↳ app/controllers/application_controller.rb:11:in `logged_user'
  Rendering layout layouts/application.html.erb
  Rendering articles/index.html.erb within layouts/application
  Rendered articles/index.html.erb within layouts/application (Duration: 0.4ms | Allocations: 1062)
  Rendered layout layouts/application.html.erb (Duration: 0.5ms | Allocations: 1150)
Completed 500 Internal Server Error in 3ms (ActiveRecord: 0.3ms | Allocations: 2089)


  
ActionView::Template::Error (Missing partial articles/_articles, application/_articles with {:locale=>[:en], :formats=>[:html], :variants=>[], :handlers=>[:raw, :erb, :html, :builder, :ruby, :jbuilder]}.

Searched in:
  * "/Users/edisipka/Desktop/search_data_analytics/app/views"
  * "/Users/edisipka/.rbenv/versions/3.2.1/lib/ruby/gems/3.2.0/gems/turbo-rails-1.4.0/app/views"
  * "/Users/edisipka/.rbenv/versions/3.2.1/lib/ruby/gems/3.2.0/gems/actiontext-7.0.4.3/app/views"
  * "/Users/edisipka/.rbenv/versions/3.2.1/lib/ruby/gems/3.2.0/gems/actionmailbox-7.0.4.3/app/views"
):
    1: 
    2: <%= render "articles", articles: @articles %>
    3: <h1>Articles</h1>
    4: 
    5: <%= form_with(url: articles_path, method: :get, data: { controller: "search-form", turbo_frame: "articles", turbo_action: "advance" }) do |form| %>
  
app/views/articles/index.html.erb:2
Started GET "/" for ::1 at 2023-04-11 15:27:01 +0200
Processing by ArticlesController#index as HTML
  [1m[36mUser Load (0.3ms)[0m  [1m[34mSELECT "users".* FROM "users" WHERE "users"."ip_address" = $1 LIMIT $2[0m  [["ip_address", "::1"], ["LIMIT", 1]]
  ↳ app/controllers/application_controller.rb:11:in `logged_user'
  Rendering layout layouts/application.html.erb
  Rendering articles/index.html.erb within layouts/application
  Rendered articles/index.html.erb within layouts/application (Duration: 0.8ms | Allocations: 1061)
  Rendered layout layouts/application.html.erb (Duration: 1.0ms | Allocations: 1148)
Completed 500 Internal Server Error in 5ms (ActiveRecord: 0.3ms | Allocations: 2072)


  
ActionView::Template::Error (Missing partial articles/_articles, application/_articles with {:locale=>[:en], :formats=>[:html], :variants=>[], :handlers=>[:raw, :erb, :html, :builder, :ruby, :jbuilder]}.

Searched in:
  * "/Users/edisipka/Desktop/search_data_analytics/app/views"
  * "/Users/edisipka/.rbenv/versions/3.2.1/lib/ruby/gems/3.2.0/gems/turbo-rails-1.4.0/app/views"
  * "/Users/edisipka/.rbenv/versions/3.2.1/lib/ruby/gems/3.2.0/gems/actiontext-7.0.4.3/app/views"
  * "/Users/edisipka/.rbenv/versions/3.2.1/lib/ruby/gems/3.2.0/gems/actionmailbox-7.0.4.3/app/views"
):
    1: 
    2: <%= render "articles", articles: @articles %>
    3: <h1>Articles</h1>
    4: 
    5: <%= form_with(url: articles_path, method: :get, data: { controller: "search-form", turbo_frame: "articles", turbo_action: "advance" }) do |form| %>
  
app/views/articles/index.html.erb:2
Started GET "/" for ::1 at 2023-04-11 15:27:02 +0200
Processing by ArticlesController#index as HTML
  [1m[36mUser Load (0.4ms)[0m  [1m[34mSELECT "users".* FROM "users" WHERE "users"."ip_address" = $1 LIMIT $2[0m  [["ip_address", "::1"], ["LIMIT", 1]]
  ↳ app/controllers/application_controller.rb:11:in `logged_user'
  Rendering layout layouts/application.html.erb
  Rendering articles/index.html.erb within layouts/application
  Rendered articles/index.html.erb within layouts/application (Duration: 0.7ms | Allocations: 1062)
  Rendered layout layouts/application.html.erb (Duration: 1.0ms | Allocations: 1150)
Completed 500 Internal Server Error in 5ms (ActiveRecord: 0.4ms | Allocations: 2087)


  
ActionView::Template::Error (Missing partial articles/_articles, application/_articles with {:locale=>[:en], :formats=>[:html], :variants=>[], :handlers=>[:raw, :erb, :html, :builder, :ruby, :jbuilder]}.

Searched in:
  * "/Users/edisipka/Desktop/search_data_analytics/app/views"
  * "/Users/edisipka/.rbenv/versions/3.2.1/lib/ruby/gems/3.2.0/gems/turbo-rails-1.4.0/app/views"
  * "/Users/edisipka/.rbenv/versions/3.2.1/lib/ruby/gems/3.2.0/gems/actiontext-7.0.4.3/app/views"
  * "/Users/edisipka/.rbenv/versions/3.2.1/lib/ruby/gems/3.2.0/gems/actionmailbox-7.0.4.3/app/views"
):
    1: 
    2: <%= render "articles", articles: @articles %>
    3: <h1>Articles</h1>
    4: 
    5: <%= form_with(url: articles_path, method: :get, data: { controller: "search-form", turbo_frame: "articles", turbo_action: "advance" }) do |form| %>
  
app/views/articles/index.html.erb:2
Started GET "/" for ::1 at 2023-04-11 15:27:02 +0200
Processing by ArticlesController#index as HTML
  [1m[36mUser Load (0.3ms)[0m  [1m[34mSELECT "users".* FROM "users" WHERE "users"."ip_address" = $1 LIMIT $2[0m  [["ip_address", "::1"], ["LIMIT", 1]]
  ↳ app/controllers/application_controller.rb:11:in `logged_user'
  Rendering layout layouts/application.html.erb
  Rendering articles/index.html.erb within layouts/application
  Rendered articles/index.html.erb within layouts/application (Duration: 2.2ms | Allocations: 1062)
  Rendered layout layouts/application.html.erb (Duration: 2.7ms | Allocations: 1150)
Completed 500 Internal Server Error in 7ms (ActiveRecord: 0.3ms | Allocations: 2087)


  
ActionView::Template::Error (Missing partial articles/_articles, application/_articles with {:locale=>[:en], :formats=>[:html], :variants=>[], :handlers=>[:raw, :erb, :html, :builder, :ruby, :jbuilder]}.

Searched in:
  * "/Users/edisipka/Desktop/search_data_analytics/app/views"
  * "/Users/edisipka/.rbenv/versions/3.2.1/lib/ruby/gems/3.2.0/gems/turbo-rails-1.4.0/app/views"
  * "/Users/edisipka/.rbenv/versions/3.2.1/lib/ruby/gems/3.2.0/gems/actiontext-7.0.4.3/app/views"
  * "/Users/edisipka/.rbenv/versions/3.2.1/lib/ruby/gems/3.2.0/gems/actionmailbox-7.0.4.3/app/views"
):
    1: 
    2: <%= render "articles", articles: @articles %>
    3: <h1>Articles</h1>
    4: 
    5: <%= form_with(url: articles_path, method: :get, data: { controller: "search-form", turbo_frame: "articles", turbo_action: "advance" }) do |form| %>
  
app/views/articles/index.html.erb:2
Started GET "/" for ::1 at 2023-04-11 15:27:03 +0200
Processing by ArticlesController#index as HTML
  [1m[36mUser Load (0.4ms)[0m  [1m[34mSELECT "users".* FROM "users" WHERE "users"."ip_address" = $1 LIMIT $2[0m  [["ip_address", "::1"], ["LIMIT", 1]]
  ↳ app/controllers/application_controller.rb:11:in `logged_user'
  Rendering layout layouts/application.html.erb
  Rendering articles/index.html.erb within layouts/application
  Rendered articles/index.html.erb within layouts/application (Duration: 0.8ms | Allocations: 1061)
  Rendered layout layouts/application.html.erb (Duration: 1.1ms | Allocations: 1148)
Completed 500 Internal Server Error in 7ms (ActiveRecord: 0.4ms | Allocations: 2072)


  
ActionView::Template::Error (Missing partial articles/_articles, application/_articles with {:locale=>[:en], :formats=>[:html], :variants=>[], :handlers=>[:raw, :erb, :html, :builder, :ruby, :jbuilder]}.

Searched in:
  * "/Users/edisipka/Desktop/search_data_analytics/app/views"
  * "/Users/edisipka/.rbenv/versions/3.2.1/lib/ruby/gems/3.2.0/gems/turbo-rails-1.4.0/app/views"
  * "/Users/edisipka/.rbenv/versions/3.2.1/lib/ruby/gems/3.2.0/gems/actiontext-7.0.4.3/app/views"
  * "/Users/edisipka/.rbenv/versions/3.2.1/lib/ruby/gems/3.2.0/gems/actionmailbox-7.0.4.3/app/views"
):
    1: 
    2: <%= render "articles", articles: @articles %>
    3: <h1>Articles</h1>
    4: 
    5: <%= form_with(url: articles_path, method: :get, data: { controller: "search-form", turbo_frame: "articles", turbo_action: "advance" }) do |form| %>
  
app/views/articles/index.html.erb:2
Started GET "/" for ::1 at 2023-04-11 15:27:03 +0200
Processing by ArticlesController#index as HTML
  [1m[36mUser Load (0.2ms)[0m  [1m[34mSELECT "users".* FROM "users" WHERE "users"."ip_address" = $1 LIMIT $2[0m  [["ip_address", "::1"], ["LIMIT", 1]]
  ↳ app/controllers/application_controller.rb:11:in `logged_user'
  Rendering layout layouts/application.html.erb
  Rendering articles/index.html.erb within layouts/application
  Rendered articles/index.html.erb within layouts/application (Duration: 0.5ms | Allocations: 1059)
  Rendered layout layouts/application.html.erb (Duration: 0.7ms | Allocations: 1146)
Completed 500 Internal Server Error in 4ms (ActiveRecord: 0.2ms | Allocations: 2070)


  
ActionView::Template::Error (Missing partial articles/_articles, application/_articles with {:locale=>[:en], :formats=>[:html], :variants=>[], :handlers=>[:raw, :erb, :html, :builder, :ruby, :jbuilder]}.

Searched in:
  * "/Users/edisipka/Desktop/search_data_analytics/app/views"
  * "/Users/edisipka/.rbenv/versions/3.2.1/lib/ruby/gems/3.2.0/gems/turbo-rails-1.4.0/app/views"
  * "/Users/edisipka/.rbenv/versions/3.2.1/lib/ruby/gems/3.2.0/gems/actiontext-7.0.4.3/app/views"
  * "/Users/edisipka/.rbenv/versions/3.2.1/lib/ruby/gems/3.2.0/gems/actionmailbox-7.0.4.3/app/views"
):
    1: 
    2: <%= render "articles", articles: @articles %>
    3: <h1>Articles</h1>
    4: 
    5: <%= form_with(url: articles_path, method: :get, data: { controller: "search-form", turbo_frame: "articles", turbo_action: "advance" }) do |form| %>
  
app/views/articles/index.html.erb:2
Started GET "/" for ::1 at 2023-04-11 15:27:04 +0200
Processing by ArticlesController#index as HTML
  [1m[36mUser Load (0.3ms)[0m  [1m[34mSELECT "users".* FROM "users" WHERE "users"."ip_address" = $1 LIMIT $2[0m  [["ip_address", "::1"], ["LIMIT", 1]]
  ↳ app/controllers/application_controller.rb:11:in `logged_user'
  Rendering layout layouts/application.html.erb
  Rendering articles/index.html.erb within layouts/application
  Rendered articles/index.html.erb within layouts/application (Duration: 0.9ms | Allocations: 1061)
  Rendered layout layouts/application.html.erb (Duration: 1.2ms | Allocations: 1148)
Completed 500 Internal Server Error in 5ms (ActiveRecord: 0.3ms | Allocations: 2072)


  
ActionView::Template::Error (Missing partial articles/_articles, application/_articles with {:locale=>[:en], :formats=>[:html], :variants=>[], :handlers=>[:raw, :erb, :html, :builder, :ruby, :jbuilder]}.

Searched in:
  * "/Users/edisipka/Desktop/search_data_analytics/app/views"
  * "/Users/edisipka/.rbenv/versions/3.2.1/lib/ruby/gems/3.2.0/gems/turbo-rails-1.4.0/app/views"
  * "/Users/edisipka/.rbenv/versions/3.2.1/lib/ruby/gems/3.2.0/gems/actiontext-7.0.4.3/app/views"
  * "/Users/edisipka/.rbenv/versions/3.2.1/lib/ruby/gems/3.2.0/gems/actionmailbox-7.0.4.3/app/views"
):
    1: 
    2: <%= render "articles", articles: @articles %>
    3: <h1>Articles</h1>
    4: 
    5: <%= form_with(url: articles_path, method: :get, data: { controller: "search-form", turbo_frame: "articles", turbo_action: "advance" }) do |form| %>
  
app/views/articles/index.html.erb:2
Started GET "/" for ::1 at 2023-04-11 15:27:04 +0200
Processing by ArticlesController#index as HTML
  [1m[36mUser Load (0.3ms)[0m  [1m[34mSELECT "users".* FROM "users" WHERE "users"."ip_address" = $1 LIMIT $2[0m  [["ip_address", "::1"], ["LIMIT", 1]]
  ↳ app/controllers/application_controller.rb:11:in `logged_user'
  Rendering layout layouts/application.html.erb
  Rendering articles/index.html.erb within layouts/application
  Rendered articles/index.html.erb within layouts/application (Duration: 0.8ms | Allocations: 1061)
  Rendered layout layouts/application.html.erb (Duration: 1.1ms | Allocations: 1148)
Completed 500 Internal Server Error in 6ms (ActiveRecord: 0.3ms | Allocations: 2072)


  
ActionView::Template::Error (Missing partial articles/_articles, application/_articles with {:locale=>[:en], :formats=>[:html], :variants=>[], :handlers=>[:raw, :erb, :html, :builder, :ruby, :jbuilder]}.

Searched in:
  * "/Users/edisipka/Desktop/search_data_analytics/app/views"
  * "/Users/edisipka/.rbenv/versions/3.2.1/lib/ruby/gems/3.2.0/gems/turbo-rails-1.4.0/app/views"
  * "/Users/edisipka/.rbenv/versions/3.2.1/lib/ruby/gems/3.2.0/gems/actiontext-7.0.4.3/app/views"
  * "/Users/edisipka/.rbenv/versions/3.2.1/lib/ruby/gems/3.2.0/gems/actionmailbox-7.0.4.3/app/views"
):
    1: 
    2: <%= render "articles", articles: @articles %>
    3: <h1>Articles</h1>
    4: 
    5: <%= form_with(url: articles_path, method: :get, data: { controller: "search-form", turbo_frame: "articles", turbo_action: "advance" }) do |form| %>
  
app/views/articles/index.html.erb:2
Started GET "/" for ::1 at 2023-04-11 15:27:37 +0200
Processing by ArticlesController#index as HTML
  [1m[36mUser Load (0.3ms)[0m  [1m[34mSELECT "users".* FROM "users" WHERE "users"."ip_address" = $1 LIMIT $2[0m  [["ip_address", "::1"], ["LIMIT", 1]]
  ↳ app/controllers/application_controller.rb:11:in `logged_user'
  Rendering layout layouts/application.html.erb
  Rendering articles/index.html.erb within layouts/application
  Rendered articles/index.html.erb within layouts/application (Duration: 3.3ms | Allocations: 1489)
  Rendered layout layouts/application.html.erb (Duration: 3.6ms | Allocations: 1577)
Completed 500 Internal Server Error in 11ms (ActiveRecord: 0.3ms | Allocations: 2985)


  
ActionView::Template::Error (Missing partial articles/_articles, application/_articles with {:locale=>[:en], :formats=>[:html], :variants=>[], :handlers=>[:raw, :erb, :html, :builder, :ruby, :jbuilder]}.

Searched in:
  * "/Users/edisipka/Desktop/search_data_analytics/app/views"
  * "/Users/edisipka/.rbenv/versions/3.2.1/lib/ruby/gems/3.2.0/gems/turbo-rails-1.4.0/app/views"
  * "/Users/edisipka/.rbenv/versions/3.2.1/lib/ruby/gems/3.2.0/gems/actiontext-7.0.4.3/app/views"
  * "/Users/edisipka/.rbenv/versions/3.2.1/lib/ruby/gems/3.2.0/gems/actionmailbox-7.0.4.3/app/views"
):
    1: 
    2: <%= render "articles", articles: @articles %>
    3: <h1>Articles</h1>
    4: 
    5: <%= form_with(url: articles_path, method: :get, data: { controller: "search-form", turbo_frame: "articles", turbo_action: "advance" }) do |form| %>
  
app/views/articles/index.html.erb:2
Started GET "/" for ::1 at 2023-04-11 15:27:37 +0200
Processing by ArticlesController#index as HTML
  [1m[36mUser Load (0.4ms)[0m  [1m[34mSELECT "users".* FROM "users" WHERE "users"."ip_address" = $1 LIMIT $2[0m  [["ip_address", "::1"], ["LIMIT", 1]]
  ↳ app/controllers/application_controller.rb:11:in `logged_user'
  Rendering layout layouts/application.html.erb
  Rendering articles/index.html.erb within layouts/application
  Rendered articles/index.html.erb within layouts/application (Duration: 0.8ms | Allocations: 1061)
  Rendered layout layouts/application.html.erb (Duration: 1.1ms | Allocations: 1148)
Completed 500 Internal Server Error in 6ms (ActiveRecord: 0.4ms | Allocations: 2073)


  
ActionView::Template::Error (Missing partial articles/_articles, application/_articles with {:locale=>[:en], :formats=>[:html], :variants=>[], :handlers=>[:raw, :erb, :html, :builder, :ruby, :jbuilder]}.

Searched in:
  * "/Users/edisipka/Desktop/search_data_analytics/app/views"
  * "/Users/edisipka/.rbenv/versions/3.2.1/lib/ruby/gems/3.2.0/gems/turbo-rails-1.4.0/app/views"
  * "/Users/edisipka/.rbenv/versions/3.2.1/lib/ruby/gems/3.2.0/gems/actiontext-7.0.4.3/app/views"
  * "/Users/edisipka/.rbenv/versions/3.2.1/lib/ruby/gems/3.2.0/gems/actionmailbox-7.0.4.3/app/views"
):
    1: 
    2: <%= render "articles", articles: @articles %>
    3: <h1>Articles</h1>
    4: 
    5: <%= form_with(url: articles_path, method: :get, data: { controller: "search-form", turbo_frame: "articles", turbo_action: "advance" }) do |form| %>
  
app/views/articles/index.html.erb:2
Started GET "/" for ::1 at 2023-04-11 15:27:38 +0200
Processing by ArticlesController#index as HTML
  [1m[36mUser Load (0.4ms)[0m  [1m[34mSELECT "users".* FROM "users" WHERE "users"."ip_address" = $1 LIMIT $2[0m  [["ip_address", "::1"], ["LIMIT", 1]]
  ↳ app/controllers/application_controller.rb:11:in `logged_user'
  Rendering layout layouts/application.html.erb
  Rendering articles/index.html.erb within layouts/application
  Rendered articles/index.html.erb within layouts/application (Duration: 1.2ms | Allocations: 1061)
  Rendered layout layouts/application.html.erb (Duration: 1.4ms | Allocations: 1148)
Completed 500 Internal Server Error in 6ms (ActiveRecord: 0.4ms | Allocations: 2072)


  
ActionView::Template::Error (Missing partial articles/_articles, application/_articles with {:locale=>[:en], :formats=>[:html], :variants=>[], :handlers=>[:raw, :erb, :html, :builder, :ruby, :jbuilder]}.

Searched in:
  * "/Users/edisipka/Desktop/search_data_analytics/app/views"
  * "/Users/edisipka/.rbenv/versions/3.2.1/lib/ruby/gems/3.2.0/gems/turbo-rails-1.4.0/app/views"
  * "/Users/edisipka/.rbenv/versions/3.2.1/lib/ruby/gems/3.2.0/gems/actiontext-7.0.4.3/app/views"
  * "/Users/edisipka/.rbenv/versions/3.2.1/lib/ruby/gems/3.2.0/gems/actionmailbox-7.0.4.3/app/views"
):
    1: 
    2: <%= render "articles", articles: @articles %>
    3: <h1>Articles</h1>
    4: 
    5: <%= form_with(url: articles_path, method: :get, data: { controller: "search-form", turbo_frame: "articles", turbo_action: "advance" }) do |form| %>
  
app/views/articles/index.html.erb:2
Started GET "/" for ::1 at 2023-04-11 15:27:39 +0200
Processing by ArticlesController#index as HTML
  [1m[36mUser Load (0.3ms)[0m  [1m[34mSELECT "users".* FROM "users" WHERE "users"."ip_address" = $1 LIMIT $2[0m  [["ip_address", "::1"], ["LIMIT", 1]]
  ↳ app/controllers/application_controller.rb:11:in `logged_user'
  Rendering layout layouts/application.html.erb
  Rendering articles/index.html.erb within layouts/application
  Rendered articles/index.html.erb within layouts/application (Duration: 0.7ms | Allocations: 1061)
  Rendered layout layouts/application.html.erb (Duration: 1.0ms | Allocations: 1148)
Completed 500 Internal Server Error in 5ms (ActiveRecord: 0.3ms | Allocations: 2072)


  
ActionView::Template::Error (Missing partial articles/_articles, application/_articles with {:locale=>[:en], :formats=>[:html], :variants=>[], :handlers=>[:raw, :erb, :html, :builder, :ruby, :jbuilder]}.

Searched in:
  * "/Users/edisipka/Desktop/search_data_analytics/app/views"
  * "/Users/edisipka/.rbenv/versions/3.2.1/lib/ruby/gems/3.2.0/gems/turbo-rails-1.4.0/app/views"
  * "/Users/edisipka/.rbenv/versions/3.2.1/lib/ruby/gems/3.2.0/gems/actiontext-7.0.4.3/app/views"
  * "/Users/edisipka/.rbenv/versions/3.2.1/lib/ruby/gems/3.2.0/gems/actionmailbox-7.0.4.3/app/views"
):
    1: 
    2: <%= render "articles", articles: @articles %>
    3: <h1>Articles</h1>
    4: 
    5: <%= form_with(url: articles_path, method: :get, data: { controller: "search-form", turbo_frame: "articles", turbo_action: "advance" }) do |form| %>
  
app/views/articles/index.html.erb:2
Started GET "/" for ::1 at 2023-04-11 15:27:39 +0200
Processing by ArticlesController#index as HTML
  [1m[36mUser Load (0.2ms)[0m  [1m[34mSELECT "users".* FROM "users" WHERE "users"."ip_address" = $1 LIMIT $2[0m  [["ip_address", "::1"], ["LIMIT", 1]]
  ↳ app/controllers/application_controller.rb:11:in `logged_user'
  Rendering layout layouts/application.html.erb
  Rendering articles/index.html.erb within layouts/application
  Rendered articles/index.html.erb within layouts/application (Duration: 0.5ms | Allocations: 1061)
  Rendered layout layouts/application.html.erb (Duration: 0.7ms | Allocations: 1148)
Completed 500 Internal Server Error in 4ms (ActiveRecord: 0.2ms | Allocations: 2072)


  
ActionView::Template::Error (Missing partial articles/_articles, application/_articles with {:locale=>[:en], :formats=>[:html], :variants=>[], :handlers=>[:raw, :erb, :html, :builder, :ruby, :jbuilder]}.

Searched in:
  * "/Users/edisipka/Desktop/search_data_analytics/app/views"
  * "/Users/edisipka/.rbenv/versions/3.2.1/lib/ruby/gems/3.2.0/gems/turbo-rails-1.4.0/app/views"
  * "/Users/edisipka/.rbenv/versions/3.2.1/lib/ruby/gems/3.2.0/gems/actiontext-7.0.4.3/app/views"
  * "/Users/edisipka/.rbenv/versions/3.2.1/lib/ruby/gems/3.2.0/gems/actionmailbox-7.0.4.3/app/views"
):
    1: 
    2: <%= render "articles", articles: @articles %>
    3: <h1>Articles</h1>
    4: 
    5: <%= form_with(url: articles_path, method: :get, data: { controller: "search-form", turbo_frame: "articles", turbo_action: "advance" }) do |form| %>
  
app/views/articles/index.html.erb:2
Started GET "/" for ::1 at 2023-04-11 15:27:40 +0200
Processing by ArticlesController#index as HTML
  [1m[36mUser Load (0.4ms)[0m  [1m[34mSELECT "users".* FROM "users" WHERE "users"."ip_address" = $1 LIMIT $2[0m  [["ip_address", "::1"], ["LIMIT", 1]]
  ↳ app/controllers/application_controller.rb:11:in `logged_user'
  Rendering layout layouts/application.html.erb
  Rendering articles/index.html.erb within layouts/application
  Rendered articles/index.html.erb within layouts/application (Duration: 0.5ms | Allocations: 1061)
  Rendered layout layouts/application.html.erb (Duration: 0.7ms | Allocations: 1148)
Completed 500 Internal Server Error in 5ms (ActiveRecord: 0.4ms | Allocations: 2072)


  
ActionView::Template::Error (Missing partial articles/_articles, application/_articles with {:locale=>[:en], :formats=>[:html], :variants=>[], :handlers=>[:raw, :erb, :html, :builder, :ruby, :jbuilder]}.

Searched in:
  * "/Users/edisipka/Desktop/search_data_analytics/app/views"
  * "/Users/edisipka/.rbenv/versions/3.2.1/lib/ruby/gems/3.2.0/gems/turbo-rails-1.4.0/app/views"
  * "/Users/edisipka/.rbenv/versions/3.2.1/lib/ruby/gems/3.2.0/gems/actiontext-7.0.4.3/app/views"
  * "/Users/edisipka/.rbenv/versions/3.2.1/lib/ruby/gems/3.2.0/gems/actionmailbox-7.0.4.3/app/views"
):
    1: 
    2: <%= render "articles", articles: @articles %>
    3: <h1>Articles</h1>
    4: 
    5: <%= form_with(url: articles_path, method: :get, data: { controller: "search-form", turbo_frame: "articles", turbo_action: "advance" }) do |form| %>
  
app/views/articles/index.html.erb:2
Started GET "/" for ::1 at 2023-04-11 15:27:40 +0200
Processing by ArticlesController#index as HTML
  [1m[36mUser Load (0.2ms)[0m  [1m[34mSELECT "users".* FROM "users" WHERE "users"."ip_address" = $1 LIMIT $2[0m  [["ip_address", "::1"], ["LIMIT", 1]]
  ↳ app/controllers/application_controller.rb:11:in `logged_user'
  Rendering layout layouts/application.html.erb
  Rendering articles/index.html.erb within layouts/application
  Rendered articles/index.html.erb within layouts/application (Duration: 0.4ms | Allocations: 1059)
  Rendered layout layouts/application.html.erb (Duration: 0.5ms | Allocations: 1146)
Completed 500 Internal Server Error in 3ms (ActiveRecord: 0.2ms | Allocations: 2070)


  
ActionView::Template::Error (Missing partial articles/_articles, application/_articles with {:locale=>[:en], :formats=>[:html], :variants=>[], :handlers=>[:raw, :erb, :html, :builder, :ruby, :jbuilder]}.

Searched in:
  * "/Users/edisipka/Desktop/search_data_analytics/app/views"
  * "/Users/edisipka/.rbenv/versions/3.2.1/lib/ruby/gems/3.2.0/gems/turbo-rails-1.4.0/app/views"
  * "/Users/edisipka/.rbenv/versions/3.2.1/lib/ruby/gems/3.2.0/gems/actiontext-7.0.4.3/app/views"
  * "/Users/edisipka/.rbenv/versions/3.2.1/lib/ruby/gems/3.2.0/gems/actionmailbox-7.0.4.3/app/views"
):
    1: 
    2: <%= render "articles", articles: @articles %>
    3: <h1>Articles</h1>
    4: 
    5: <%= form_with(url: articles_path, method: :get, data: { controller: "search-form", turbo_frame: "articles", turbo_action: "advance" }) do |form| %>
  
app/views/articles/index.html.erb:2
Started GET "/" for ::1 at 2023-04-11 15:27:41 +0200
Processing by ArticlesController#index as HTML
  [1m[36mUser Load (0.2ms)[0m  [1m[34mSELECT "users".* FROM "users" WHERE "users"."ip_address" = $1 LIMIT $2[0m  [["ip_address", "::1"], ["LIMIT", 1]]
  ↳ app/controllers/application_controller.rb:11:in `logged_user'
  Rendering layout layouts/application.html.erb
  Rendering articles/index.html.erb within layouts/application
  Rendered articles/index.html.erb within layouts/application (Duration: 0.5ms | Allocations: 1061)
  Rendered layout layouts/application.html.erb (Duration: 0.7ms | Allocations: 1148)
Completed 500 Internal Server Error in 5ms (ActiveRecord: 0.2ms | Allocations: 2072)


  
ActionView::Template::Error (Missing partial articles/_articles, application/_articles with {:locale=>[:en], :formats=>[:html], :variants=>[], :handlers=>[:raw, :erb, :html, :builder, :ruby, :jbuilder]}.

Searched in:
  * "/Users/edisipka/Desktop/search_data_analytics/app/views"
  * "/Users/edisipka/.rbenv/versions/3.2.1/lib/ruby/gems/3.2.0/gems/turbo-rails-1.4.0/app/views"
  * "/Users/edisipka/.rbenv/versions/3.2.1/lib/ruby/gems/3.2.0/gems/actiontext-7.0.4.3/app/views"
  * "/Users/edisipka/.rbenv/versions/3.2.1/lib/ruby/gems/3.2.0/gems/actionmailbox-7.0.4.3/app/views"
):
    1: 
    2: <%= render "articles", articles: @articles %>
    3: <h1>Articles</h1>
    4: 
    5: <%= form_with(url: articles_path, method: :get, data: { controller: "search-form", turbo_frame: "articles", turbo_action: "advance" }) do |form| %>
  
app/views/articles/index.html.erb:2
Started GET "/" for ::1 at 2023-04-11 15:27:41 +0200
Processing by ArticlesController#index as HTML
  [1m[36mUser Load (0.4ms)[0m  [1m[34mSELECT "users".* FROM "users" WHERE "users"."ip_address" = $1 LIMIT $2[0m  [["ip_address", "::1"], ["LIMIT", 1]]
  ↳ app/controllers/application_controller.rb:11:in `logged_user'
  Rendering layout layouts/application.html.erb
  Rendering articles/index.html.erb within layouts/application
  Rendered articles/index.html.erb within layouts/application (Duration: 0.8ms | Allocations: 1061)
  Rendered layout layouts/application.html.erb (Duration: 1.1ms | Allocations: 1148)
Completed 500 Internal Server Error in 6ms (ActiveRecord: 0.4ms | Allocations: 2072)


  
ActionView::Template::Error (Missing partial articles/_articles, application/_articles with {:locale=>[:en], :formats=>[:html], :variants=>[], :handlers=>[:raw, :erb, :html, :builder, :ruby, :jbuilder]}.

Searched in:
  * "/Users/edisipka/Desktop/search_data_analytics/app/views"
  * "/Users/edisipka/.rbenv/versions/3.2.1/lib/ruby/gems/3.2.0/gems/turbo-rails-1.4.0/app/views"
  * "/Users/edisipka/.rbenv/versions/3.2.1/lib/ruby/gems/3.2.0/gems/actiontext-7.0.4.3/app/views"
  * "/Users/edisipka/.rbenv/versions/3.2.1/lib/ruby/gems/3.2.0/gems/actionmailbox-7.0.4.3/app/views"
):
    1: 
    2: <%= render "articles", articles: @articles %>
    3: <h1>Articles</h1>
    4: 
    5: <%= form_with(url: articles_path, method: :get, data: { controller: "search-form", turbo_frame: "articles", turbo_action: "advance" }) do |form| %>
  
app/views/articles/index.html.erb:2
Started GET "/" for ::1 at 2023-04-11 15:27:42 +0200
Processing by ArticlesController#index as HTML
  [1m[36mUser Load (0.3ms)[0m  [1m[34mSELECT "users".* FROM "users" WHERE "users"."ip_address" = $1 LIMIT $2[0m  [["ip_address", "::1"], ["LIMIT", 1]]
  ↳ app/controllers/application_controller.rb:11:in `logged_user'
  Rendering layout layouts/application.html.erb
  Rendering articles/index.html.erb within layouts/application
  Rendered articles/index.html.erb within layouts/application (Duration: 1.2ms | Allocations: 1061)
  Rendered layout layouts/application.html.erb (Duration: 1.5ms | Allocations: 1148)
Completed 500 Internal Server Error in 6ms (ActiveRecord: 0.3ms | Allocations: 2072)


  
ActionView::Template::Error (Missing partial articles/_articles, application/_articles with {:locale=>[:en], :formats=>[:html], :variants=>[], :handlers=>[:raw, :erb, :html, :builder, :ruby, :jbuilder]}.

Searched in:
  * "/Users/edisipka/Desktop/search_data_analytics/app/views"
  * "/Users/edisipka/.rbenv/versions/3.2.1/lib/ruby/gems/3.2.0/gems/turbo-rails-1.4.0/app/views"
  * "/Users/edisipka/.rbenv/versions/3.2.1/lib/ruby/gems/3.2.0/gems/actiontext-7.0.4.3/app/views"
  * "/Users/edisipka/.rbenv/versions/3.2.1/lib/ruby/gems/3.2.0/gems/actionmailbox-7.0.4.3/app/views"
):
    1: 
    2: <%= render "articles", articles: @articles %>
    3: <h1>Articles</h1>
    4: 
    5: <%= form_with(url: articles_path, method: :get, data: { controller: "search-form", turbo_frame: "articles", turbo_action: "advance" }) do |form| %>
  
app/views/articles/index.html.erb:2
Started GET "/" for ::1 at 2023-04-11 15:28:32 +0200
Processing by ArticlesController#index as HTML
  [1m[36mUser Load (0.2ms)[0m  [1m[34mSELECT "users".* FROM "users" WHERE "users"."ip_address" = $1 LIMIT $2[0m  [["ip_address", "::1"], ["LIMIT", 1]]
  ↳ app/controllers/application_controller.rb:11:in `logged_user'
  Rendering layout layouts/application.html.erb
  Rendering articles/index.html.erb within layouts/application
  Rendered articles/index.html.erb within layouts/application (Duration: 0.8ms | Allocations: 1437)
  Rendered layout layouts/application.html.erb (Duration: 0.9ms | Allocations: 1525)
Completed 500 Internal Server Error in 10ms (ActiveRecord: 4.6ms | Allocations: 5968)


  
ActionView::Template::Error (Missing partial articles/_articles, application/_articles with {:locale=>[:en], :formats=>[:html], :variants=>[], :handlers=>[:raw, :erb, :html, :builder, :ruby, :jbuilder]}.

Searched in:
  * "/Users/edisipka/Desktop/search_data_analytics/app/views"
  * "/Users/edisipka/.rbenv/versions/3.2.1/lib/ruby/gems/3.2.0/gems/turbo-rails-1.4.0/app/views"
  * "/Users/edisipka/.rbenv/versions/3.2.1/lib/ruby/gems/3.2.0/gems/actiontext-7.0.4.3/app/views"
  * "/Users/edisipka/.rbenv/versions/3.2.1/lib/ruby/gems/3.2.0/gems/actionmailbox-7.0.4.3/app/views"
):
    1: 
    2: <%= render "articles", articles: @articles %>
    3: <h1>Articles</h1>
    4: 
    5: <%= form_with(url: articles_path, method: :get, data: { controller: "search-form", turbo_frame: "articles", turbo_action: "advance" }) do |form| %>
  
app/views/articles/index.html.erb:2
Started GET "/" for ::1 at 2023-04-11 15:28:33 +0200
Processing by ArticlesController#index as HTML
  [1m[36mUser Load (0.2ms)[0m  [1m[34mSELECT "users".* FROM "users" WHERE "users"."ip_address" = $1 LIMIT $2[0m  [["ip_address", "::1"], ["LIMIT", 1]]
  ↳ app/controllers/application_controller.rb:11:in `logged_user'
  Rendering layout layouts/application.html.erb
  Rendering articles/index.html.erb within layouts/application
  Rendered articles/index.html.erb within layouts/application (Duration: 0.8ms | Allocations: 1061)
  Rendered layout layouts/application.html.erb (Duration: 1.1ms | Allocations: 1148)
Completed 500 Internal Server Error in 5ms (ActiveRecord: 0.2ms | Allocations: 2074)


  
ActionView::Template::Error (Missing partial articles/_articles, application/_articles with {:locale=>[:en], :formats=>[:html], :variants=>[], :handlers=>[:raw, :erb, :html, :builder, :ruby, :jbuilder]}.

Searched in:
  * "/Users/edisipka/Desktop/search_data_analytics/app/views"
  * "/Users/edisipka/.rbenv/versions/3.2.1/lib/ruby/gems/3.2.0/gems/turbo-rails-1.4.0/app/views"
  * "/Users/edisipka/.rbenv/versions/3.2.1/lib/ruby/gems/3.2.0/gems/actiontext-7.0.4.3/app/views"
  * "/Users/edisipka/.rbenv/versions/3.2.1/lib/ruby/gems/3.2.0/gems/actionmailbox-7.0.4.3/app/views"
):
    1: 
    2: <%= render "articles", articles: @articles %>
    3: <h1>Articles</h1>
    4: 
    5: <%= form_with(url: articles_path, method: :get, data: { controller: "search-form", turbo_frame: "articles", turbo_action: "advance" }) do |form| %>
  
app/views/articles/index.html.erb:2
Started GET "/" for ::1 at 2023-04-11 15:28:47 +0200
Processing by ArticlesController#index as HTML
  [1m[36mUser Load (0.3ms)[0m  [1m[34mSELECT "users".* FROM "users" WHERE "users"."ip_address" = $1 LIMIT $2[0m  [["ip_address", "::1"], ["LIMIT", 1]]
  ↳ app/controllers/application_controller.rb:11:in `logged_user'
  Rendering layout layouts/application.html.erb
  Rendering articles/index.html.erb within layouts/application
  Rendered articles/index.html.erb within layouts/application (Duration: 1.5ms | Allocations: 108)
  Rendered layout layouts/application.html.erb (Duration: 149.1ms | Allocations: 92498)
Completed 200 OK in 156ms (Views: 151.9ms | ActiveRecord: 0.3ms | Allocations: 93980)


Started GET "/" for ::1 at 2023-04-11 15:28:48 +0200
Processing by ArticlesController#index as HTML
  [1m[36mUser Load (0.3ms)[0m  [1m[34mSELECT "users".* FROM "users" WHERE "users"."ip_address" = $1 LIMIT $2[0m  [["ip_address", "::1"], ["LIMIT", 1]]
  ↳ app/controllers/application_controller.rb:11:in `logged_user'
  Rendering layout layouts/application.html.erb
  Rendering articles/index.html.erb within layouts/application
  Rendered articles/index.html.erb within layouts/application (Duration: 0.1ms | Allocations: 7)
  Rendered layout layouts/application.html.erb (Duration: 6.7ms | Allocations: 2316)
Completed 200 OK in 11ms (Views: 7.7ms | ActiveRecord: 0.3ms | Allocations: 3265)


Started GET "/" for ::1 at 2023-04-11 15:28:48 +0200
Processing by ArticlesController#index as HTML
  [1m[36mUser Load (0.5ms)[0m  [1m[34mSELECT "users".* FROM "users" WHERE "users"."ip_address" = $1 LIMIT $2[0m  [["ip_address", "::1"], ["LIMIT", 1]]
  ↳ app/controllers/application_controller.rb:11:in `logged_user'
  Rendering layout layouts/application.html.erb
  Rendering articles/index.html.erb within layouts/application
  Rendered articles/index.html.erb within layouts/application (Duration: 0.1ms | Allocations: 7)
  Rendered layout layouts/application.html.erb (Duration: 5.8ms | Allocations: 2299)
Completed 200 OK in 11ms (Views: 6.5ms | ActiveRecord: 0.5ms | Allocations: 3247)


Started GET "/" for ::1 at 2023-04-11 15:28:49 +0200
Processing by ArticlesController#index as HTML
  [1m[36mUser Load (0.3ms)[0m  [1m[34mSELECT "users".* FROM "users" WHERE "users"."ip_address" = $1 LIMIT $2[0m  [["ip_address", "::1"], ["LIMIT", 1]]
  ↳ app/controllers/application_controller.rb:11:in `logged_user'
  Rendering layout layouts/application.html.erb
  Rendering articles/index.html.erb within layouts/application
  Rendered articles/index.html.erb within layouts/application (Duration: 0.1ms | Allocations: 7)
  Rendered layout layouts/application.html.erb (Duration: 12.3ms | Allocations: 2329)
Completed 200 OK in 17ms (Views: 13.1ms | ActiveRecord: 0.3ms | Allocations: 3278)


Started GET "/" for ::1 at 2023-04-11 15:28:51 +0200
Processing by ArticlesController#index as HTML
  [1m[36mUser Load (0.2ms)[0m  [1m[34mSELECT "users".* FROM "users" WHERE "users"."ip_address" = $1 LIMIT $2[0m  [["ip_address", "::1"], ["LIMIT", 1]]
  ↳ app/controllers/application_controller.rb:11:in `logged_user'
  Rendering layout layouts/application.html.erb
  Rendering articles/index.html.erb within layouts/application
  Rendered articles/index.html.erb within layouts/application (Duration: 0.0ms | Allocations: 7)
  Rendered layout layouts/application.html.erb (Duration: 6.2ms | Allocations: 2312)
Completed 200 OK in 10ms (Views: 7.0ms | ActiveRecord: 0.2ms | Allocations: 3260)


Started GET "/" for ::1 at 2023-04-11 15:28:52 +0200
Processing by ArticlesController#index as HTML
  [1m[36mUser Load (0.4ms)[0m  [1m[34mSELECT "users".* FROM "users" WHERE "users"."ip_address" = $1 LIMIT $2[0m  [["ip_address", "::1"], ["LIMIT", 1]]
  ↳ app/controllers/application_controller.rb:11:in `logged_user'
  Rendering layout layouts/application.html.erb
  Rendering articles/index.html.erb within layouts/application
  Rendered articles/index.html.erb within layouts/application (Duration: 0.1ms | Allocations: 7)
  Rendered layout layouts/application.html.erb (Duration: 6.0ms | Allocations: 2313)
Completed 200 OK in 12ms (Views: 6.9ms | ActiveRecord: 0.4ms | Allocations: 3261)


Started GET "/" for ::1 at 2023-04-11 15:28:53 +0200
Processing by ArticlesController#index as HTML
  [1m[36mUser Load (0.2ms)[0m  [1m[34mSELECT "users".* FROM "users" WHERE "users"."ip_address" = $1 LIMIT $2[0m  [["ip_address", "::1"], ["LIMIT", 1]]
  ↳ app/controllers/application_controller.rb:11:in `logged_user'
  Rendering layout layouts/application.html.erb
  Rendering articles/index.html.erb within layouts/application
  Rendered articles/index.html.erb within layouts/application (Duration: 0.1ms | Allocations: 7)
  Rendered layout layouts/application.html.erb (Duration: 5.6ms | Allocations: 2297)
Completed 200 OK in 9ms (Views: 6.3ms | ActiveRecord: 0.2ms | Allocations: 3246)


Started GET "/" for ::1 at 2023-04-11 15:28:54 +0200
Processing by ArticlesController#index as HTML
  [1m[36mUser Load (0.5ms)[0m  [1m[34mSELECT "users".* FROM "users" WHERE "users"."ip_address" = $1 LIMIT $2[0m  [["ip_address", "::1"], ["LIMIT", 1]]
  ↳ app/controllers/application_controller.rb:11:in `logged_user'
  Rendering layout layouts/application.html.erb
  Rendering articles/index.html.erb within layouts/application
  Rendered articles/index.html.erb within layouts/application (Duration: 0.0ms | Allocations: 7)
  Rendered layout layouts/application.html.erb (Duration: 5.6ms | Allocations: 2299)
Completed 200 OK in 11ms (Views: 6.4ms | ActiveRecord: 0.5ms | Allocations: 3247)


Started GET "/" for ::1 at 2023-04-11 15:28:54 +0200
Processing by ArticlesController#index as HTML
  [1m[36mUser Load (0.4ms)[0m  [1m[34mSELECT "users".* FROM "users" WHERE "users"."ip_address" = $1 LIMIT $2[0m  [["ip_address", "::1"], ["LIMIT", 1]]
  ↳ app/controllers/application_controller.rb:11:in `logged_user'
  Rendering layout layouts/application.html.erb
  Rendering articles/index.html.erb within layouts/application
  Rendered articles/index.html.erb within layouts/application (Duration: 0.1ms | Allocations: 7)
  Rendered layout layouts/application.html.erb (Duration: 5.5ms | Allocations: 2296)
Completed 200 OK in 11ms (Views: 6.4ms | ActiveRecord: 0.4ms | Allocations: 3244)


Started GET "/" for ::1 at 2023-04-11 15:29:14 +0200
Processing by ArticlesController#index as HTML
  [1m[36mUser Load (0.4ms)[0m  [1m[34mSELECT "users".* FROM "users" WHERE "users"."ip_address" = $1 LIMIT $2[0m  [["ip_address", "::1"], ["LIMIT", 1]]
  ↳ app/controllers/application_controller.rb:11:in `logged_user'
  Rendering layout layouts/application.html.erb
  Rendering articles/index.html.erb within layouts/application
  [1m[36mArticle Load (0.5ms)[0m  [1m[34mSELECT "articles".* FROM "articles" LIMIT $1[0m  [["LIMIT", 20]]
  ↳ app/views/articles/index.html.erb:11
  Rendered articles/index.html.erb within layouts/application (Duration: 28.8ms | Allocations: 14217)
  Rendered layout layouts/application.html.erb (Duration: 33.3ms | Allocations: 16777)
Completed 200 OK in 42ms (Views: 33.3ms | ActiveRecord: 3.2ms | Allocations: 18209)


Started GET "/" for ::1 at 2023-04-11 15:29:15 +0200
Processing by ArticlesController#index as HTML
  [1m[36mUser Load (0.4ms)[0m  [1m[34mSELECT "users".* FROM "users" WHERE "users"."ip_address" = $1 LIMIT $2[0m  [["ip_address", "::1"], ["LIMIT", 1]]
  ↳ app/controllers/application_controller.rb:11:in `logged_user'
  Rendering layout layouts/application.html.erb
  Rendering articles/index.html.erb within layouts/application
  [1m[36mArticle Load (0.5ms)[0m  [1m[34mSELECT "articles".* FROM "articles" LIMIT $1[0m  [["LIMIT", 20]]
  ↳ app/views/articles/index.html.erb:11
  Rendered articles/index.html.erb within layouts/application (Duration: 3.9ms | Allocations: 2025)
  Rendered layout layouts/application.html.erb (Duration: 8.5ms | Allocations: 4327)
Completed 200 OK in 15ms (Views: 8.8ms | ActiveRecord: 0.8ms | Allocations: 5276)


Started GET "/" for ::1 at 2023-04-11 15:29:15 +0200
Processing by ArticlesController#index as HTML
  [1m[36mUser Load (0.4ms)[0m  [1m[34mSELECT "users".* FROM "users" WHERE "users"."ip_address" = $1 LIMIT $2[0m  [["ip_address", "::1"], ["LIMIT", 1]]
  ↳ app/controllers/application_controller.rb:11:in `logged_user'
  Rendering layout layouts/application.html.erb
  Rendering articles/index.html.erb within layouts/application
  [1m[36mArticle Load (2.2ms)[0m  [1m[34mSELECT "articles".* FROM "articles" LIMIT $1[0m  [["LIMIT", 20]]
  ↳ app/views/articles/index.html.erb:11
  Rendered articles/index.html.erb within layouts/application (Duration: 13.8ms | Allocations: 2024)
  Rendered layout layouts/application.html.erb (Duration: 25.0ms | Allocations: 4314)
Completed 200 OK in 38ms (Views: 23.3ms | ActiveRecord: 2.6ms | Allocations: 5262)


Started GET "/" for ::1 at 2023-04-11 15:29:16 +0200
Processing by ArticlesController#index as HTML
  [1m[36mUser Load (0.2ms)[0m  [1m[34mSELECT "users".* FROM "users" WHERE "users"."ip_address" = $1 LIMIT $2[0m  [["ip_address", "::1"], ["LIMIT", 1]]
  ↳ app/controllers/application_controller.rb:11:in `logged_user'
  Rendering layout layouts/application.html.erb
  Rendering articles/index.html.erb within layouts/application
  [1m[36mArticle Load (0.4ms)[0m  [1m[34mSELECT "articles".* FROM "articles" LIMIT $1[0m  [["LIMIT", 20]]
  ↳ app/views/articles/index.html.erb:11
  Rendered articles/index.html.erb within layouts/application (Duration: 10.4ms | Allocations: 2024)
  Rendered layout layouts/application.html.erb (Duration: 18.0ms | Allocations: 4337)
Completed 200 OK in 29ms (Views: 19.6ms | ActiveRecord: 0.7ms | Allocations: 5286)


Started GET "/articles?query=Green" for ::1 at 2023-04-11 15:29:19 +0200
Processing by ArticlesController#index as HTML
  Parameters: {"query"=>"Green"}
  [1m[36mUser Load (0.2ms)[0m  [1m[34mSELECT "users".* FROM "users" WHERE "users"."ip_address" = $1 LIMIT $2[0m  [["ip_address", "::1"], ["LIMIT", 1]]
  ↳ app/controllers/application_controller.rb:11:in `logged_user'
  [1m[36mSearch Load (4.2ms)[0m  [1m[34mSELECT "searches".* FROM "searches" WHERE "searches"."user_id" = $1 ORDER BY "searches"."created_at" DESC LIMIT $2[0m  [["user_id", 1], ["LIMIT", 1]]
  ↳ app/controllers/articles_controller.rb:16:in `save_query'
  Rendering layout layouts/application.html.erb
  Rendering articles/index.html.erb within layouts/application
  [1m[36mArticle Load (1.5ms)[0m  [1m[34mSELECT "articles".* FROM "articles" WHERE (title ILIKE '%Green%') LIMIT $1[0m  [["LIMIT", 50]]
  ↳ app/views/articles/index.html.erb:11
  Rendered articles/index.html.erb within layouts/application (Duration: 2.7ms | Allocations: 1726)
  Rendered layout layouts/application.html.erb (Duration: 5.7ms | Allocations: 4039)
Completed 200 OK in 46ms (Views: 4.6ms | ActiveRecord: 7.8ms | Allocations: 12625)


Started GET "/" for ::1 at 2023-04-11 15:36:00 +0200
  [1m[36mActiveRecord::SchemaMigration Pluck (0.7ms)[0m  [1m[34mSELECT "schema_migrations"."version" FROM "schema_migrations" ORDER BY "schema_migrations"."version" ASC[0m
Processing by ArticlesController#index as HTML
  [1m[36mUser Load (0.3ms)[0m  [1m[34mSELECT "users".* FROM "users" WHERE "users"."ip_address" = $1 LIMIT $2[0m  [["ip_address", "::1"], ["LIMIT", 1]]
  ↳ app/controllers/application_controller.rb:11:in `logged_user'
  Rendering layout layouts/application.html.erb
  Rendering articles/index.html.erb within layouts/application
  [1m[36mArticle Load (0.3ms)[0m  [1m[34mSELECT "articles".* FROM "articles" LIMIT $1[0m  [["LIMIT", 20]]
  ↳ app/views/articles/index.html.erb:9
  Rendered articles/index.html.erb within layouts/application (Duration: 6.5ms | Allocations: 4990)
  Rendered layout layouts/application.html.erb (Duration: 24.5ms | Allocations: 40526)
Completed 200 OK in 40ms (Views: 23.4ms | ActiveRecord: 6.6ms | Allocations: 51486)


Started GET "/articles?query=My+name" for ::1 at 2023-04-11 15:36:05 +0200
Processing by ArticlesController#index as HTML
  Parameters: {"query"=>"My name"}
  [1m[36mUser Load (0.3ms)[0m  [1m[34mSELECT "users".* FROM "users" WHERE "users"."ip_address" = $1 LIMIT $2[0m  [["ip_address", "::1"], ["LIMIT", 1]]
  ↳ app/controllers/application_controller.rb:11:in `logged_user'
  [1m[36mSearch Load (0.7ms)[0m  [1m[34mSELECT "searches".* FROM "searches" WHERE "searches"."user_id" = $1 ORDER BY "searches"."created_at" DESC LIMIT $2[0m  [["user_id", 1], ["LIMIT", 1]]
  ↳ app/controllers/articles_controller.rb:16:in `save_query'
  [1m[36mTRANSACTION (0.2ms)[0m  [1m[35mBEGIN[0m
  ↳ app/controllers/articles_controller.rb:20:in `save_query'
  [1m[36mSearch Create (6.2ms)[0m  [1m[32mINSERT INTO "searches" ("query", "user_id", "created_at", "updated_at") VALUES ($1, $2, $3, $4) RETURNING "id"[0m  [["query", "My name"], ["user_id", 1], ["created_at", "2023-04-11 13:36:05.704723"], ["updated_at", "2023-04-11 13:36:05.704723"]]
  ↳ app/controllers/articles_controller.rb:20:in `save_query'
  [1m[36mTRANSACTION (0.3ms)[0m  [1m[35mCOMMIT[0m
  ↳ app/controllers/articles_controller.rb:20:in `save_query'
  Rendering layout layouts/application.html.erb
  Rendering articles/index.html.erb within layouts/application
  [1m[36mArticle Load (0.4ms)[0m  [1m[34mSELECT "articles".* FROM "articles" WHERE (title ILIKE '%My name%') LIMIT $1[0m  [["LIMIT", 50]]
  ↳ app/views/articles/index.html.erb:9
  Rendered articles/index.html.erb within layouts/application (Duration: 1.6ms | Allocations: 1712)
  Rendered layout layouts/application.html.erb (Duration: 4.1ms | Allocations: 4026)
Completed 200 OK in 43ms (Views: 4.0ms | ActiveRecord: 11.0ms | Allocations: 15503)


Started GET "/searches" for ::1 at 2023-04-11 15:36:14 +0200
Processing by SearchesController#index as HTML
  Rendering layout layouts/application.html.erb
  Rendering searches/index.html.erb within layouts/application
  [1m[36mSearch Load (6.5ms)[0m  [1m[34mSELECT query, COUNT(*) as total FROM "searches" GROUP BY "searches"."query" ORDER BY total DESC LIMIT $1[0m  [["LIMIT", 30]]
  ↳ app/views/searches/index.html.erb:1
  Rendered searches/index.html.erb within layouts/application (Duration: 12.4ms | Allocations: 2358)
  Rendered layout layouts/application.html.erb (Duration: 12.7ms | Allocations: 2447)
Completed 500 Internal Server Error in 17ms (ActiveRecord: 6.5ms | Allocations: 3234)


  
ActionView::Template::Error (Missing partial searches/_search with {:locale=>[:en], :formats=>[:html], :variants=>[], :handlers=>[:raw, :erb, :html, :builder, :ruby, :jbuilder]}.

Searched in:
  * "/Users/edisipka/Desktop/search_data_analytics/app/views"
  * "/Users/edisipka/.rbenv/versions/3.2.1/lib/ruby/gems/3.2.0/gems/turbo-rails-1.4.0/app/views"
  * "/Users/edisipka/.rbenv/versions/3.2.1/lib/ruby/gems/3.2.0/gems/actiontext-7.0.4.3/app/views"
  * "/Users/edisipka/.rbenv/versions/3.2.1/lib/ruby/gems/3.2.0/gems/actionmailbox-7.0.4.3/app/views"
):
    1:  <%= render @searches %>
  
app/views/searches/index.html.erb:1
Started GET "/" for ::1 at 2023-04-11 15:37:14 +0200
Processing by ArticlesController#index as HTML
  [1m[36mUser Load (0.5ms)[0m  [1m[34mSELECT "users".* FROM "users" WHERE "users"."ip_address" = $1 LIMIT $2[0m  [["ip_address", "::1"], ["LIMIT", 1]]
  ↳ app/controllers/application_controller.rb:11:in `logged_user'
  Rendering layout layouts/application.html.erb
  Rendering articles/index.html.erb within layouts/application
  [1m[36mArticle Load (0.4ms)[0m  [1m[34mSELECT "articles".* FROM "articles" LIMIT $1[0m  [["LIMIT", 20]]
  ↳ app/views/articles/index.html.erb:9
  Rendered articles/index.html.erb within layouts/application (Duration: 3.4ms | Allocations: 2025)
  Rendered layout layouts/application.html.erb (Duration: 11.1ms | Allocations: 4379)
Completed 200 OK in 18ms (Views: 11.6ms | ActiveRecord: 0.9ms | Allocations: 5331)


Started GET "/" for ::1 at 2023-04-11 15:38:22 +0200
Processing by ArticlesController#index as HTML
  [1m[36mUser Load (0.4ms)[0m  [1m[34mSELECT "users".* FROM "users" WHERE "users"."ip_address" = $1 LIMIT $2[0m  [["ip_address", "::1"], ["LIMIT", 1]]
  ↳ app/controllers/application_controller.rb:11:in `logged_user'
  Rendering layout layouts/application.html.erb
  Rendering articles/index.html.erb within layouts/application
  [1m[36mArticle Load (0.4ms)[0m  [1m[34mSELECT "articles".* FROM "articles" LIMIT $1[0m  [["LIMIT", 20]]
  ↳ app/views/articles/index.html.erb:9
  Rendered articles/index.html.erb within layouts/application (Duration: 4.2ms | Allocations: 2323)
  Rendered layout layouts/application.html.erb (Duration: 11.1ms | Allocations: 4922)
Completed 200 OK in 20ms (Views: 14.0ms | ActiveRecord: 0.8ms | Allocations: 6366)


Started GET "/articles?query=My+name+is" for ::1 at 2023-04-11 15:38:27 +0200
Processing by ArticlesController#index as HTML
  Parameters: {"query"=>"My name is"}
  [1m[36mUser Load (0.3ms)[0m  [1m[34mSELECT "users".* FROM "users" WHERE "users"."ip_address" = $1 LIMIT $2[0m  [["ip_address", "::1"], ["LIMIT", 1]]
  ↳ app/controllers/application_controller.rb:11:in `logged_user'
  [1m[36mSearch Load (0.4ms)[0m  [1m[34mSELECT "searches".* FROM "searches" WHERE "searches"."user_id" = $1 ORDER BY "searches"."created_at" DESC LIMIT $2[0m  [["user_id", 1], ["LIMIT", 1]]
  ↳ app/controllers/articles_controller.rb:16:in `save_query'
  [1m[36mTRANSACTION (0.3ms)[0m  [1m[35mBEGIN[0m
  ↳ app/controllers/articles_controller.rb:22:in `save_query'
  [1m[36mSearch Update (4.6ms)[0m  [1m[33mUPDATE "searches" SET "query" = $1, "updated_at" = $2 WHERE "searches"."id" = $3[0m  [["query", "My name is"], ["updated_at", "2023-04-11 13:38:27.152628"], ["id", 1]]
  ↳ app/controllers/articles_controller.rb:22:in `save_query'
  [1m[36mTRANSACTION (0.4ms)[0m  [1m[35mCOMMIT[0m
  ↳ app/controllers/articles_controller.rb:22:in `save_query'
  Rendering layout layouts/application.html.erb
  Rendering articles/index.html.erb within layouts/application
  [1m[36mArticle Load (0.3ms)[0m  [1m[34mSELECT "articles".* FROM "articles" WHERE (title ILIKE '%My name is%') LIMIT $1[0m  [["LIMIT", 50]]
  ↳ app/views/articles/index.html.erb:9
  Rendered articles/index.html.erb within layouts/application (Duration: 1.3ms | Allocations: 1693)
  Rendered layout layouts/application.html.erb (Duration: 3.5ms | Allocations: 4006)
Completed 200 OK in 54ms (Views: 3.5ms | ActiveRecord: 6.4ms | Allocations: 20934)


Started GET "/searches" for ::1 at 2023-04-11 15:38:33 +0200
Processing by SearchesController#index as HTML
  Rendering layout layouts/application.html.erb
  Rendering searches/index.html.erb within layouts/application
  [1m[36mSearch Load (0.6ms)[0m  [1m[34mSELECT query, COUNT(*) as total FROM "searches" GROUP BY "searches"."query" ORDER BY total DESC LIMIT $1[0m  [["LIMIT", 30]]
  ↳ app/views/searches/index.html.erb:1
  Rendered collection of searches/_search.html.erb [1 times] (Duration: 1.1ms | Allocations: 284)
  Rendered searches/index.html.erb within layouts/application (Duration: 4.8ms | Allocations: 1204)
  Rendered layout layouts/application.html.erb (Duration: 8.6ms | Allocations: 3612)
Completed 200 OK in 12ms (Views: 10.0ms | ActiveRecord: 0.6ms | Allocations: 4234)


Started GET "/articles?query=My+name+is+11" for ::1 at 2023-04-11 15:38:41 +0200
Processing by ArticlesController#index as HTML
  Parameters: {"query"=>"My name is 11"}
  [1m[36mUser Load (0.4ms)[0m  [1m[34mSELECT "users".* FROM "users" WHERE "users"."ip_address" = $1 LIMIT $2[0m  [["ip_address", "::1"], ["LIMIT", 1]]
  ↳ app/controllers/application_controller.rb:11:in `logged_user'
  [1m[36mSearch Load (0.3ms)[0m  [1m[34mSELECT "searches".* FROM "searches" WHERE "searches"."user_id" = $1 ORDER BY "searches"."created_at" DESC LIMIT $2[0m  [["user_id", 1], ["LIMIT", 1]]
  ↳ app/controllers/articles_controller.rb:16:in `save_query'
  [1m[36mTRANSACTION (0.2ms)[0m  [1m[35mBEGIN[0m
  ↳ app/controllers/articles_controller.rb:22:in `save_query'
  [1m[36mSearch Update (0.4ms)[0m  [1m[33mUPDATE "searches" SET "query" = $1, "updated_at" = $2 WHERE "searches"."id" = $3[0m  [["query", "My name is 11"], ["updated_at", "2023-04-11 13:38:41.456888"], ["id", 1]]
  ↳ app/controllers/articles_controller.rb:22:in `save_query'
  [1m[36mTRANSACTION (0.4ms)[0m  [1m[35mCOMMIT[0m
  ↳ app/controllers/articles_controller.rb:22:in `save_query'
  Rendering layout layouts/application.html.erb
  Rendering articles/index.html.erb within layouts/application
  [1m[36mArticle Load (0.4ms)[0m  [1m[34mSELECT "articles".* FROM "articles" WHERE (title ILIKE '%My name is 11%') LIMIT $1[0m  [["LIMIT", 50]]
  ↳ app/views/articles/index.html.erb:9
  Rendered articles/index.html.erb within layouts/application (Duration: 1.9ms | Allocations: 1770)
  Rendered layout layouts/application.html.erb (Duration: 4.8ms | Allocations: 4078)
Completed 200 OK in 15ms (Views: 4.9ms | ActiveRecord: 1.9ms | Allocations: 7726)


Started GET "/seraches" for ::1 at 2023-04-11 15:38:46 +0200
  
ActionController::RoutingError (No route matches [GET] "/seraches"):
  
Started GET "/searches" for ::1 at 2023-04-11 15:38:53 +0200
Processing by SearchesController#index as HTML
  Rendering layout layouts/application.html.erb
  Rendering searches/index.html.erb within layouts/application
  [1m[36mSearch Load (0.8ms)[0m  [1m[34mSELECT query, COUNT(*) as total FROM "searches" GROUP BY "searches"."query" ORDER BY total DESC LIMIT $1[0m  [["LIMIT", 30]]
  ↳ app/views/searches/index.html.erb:1
  Rendered collection of searches/_search.html.erb [1 times] (Duration: 0.2ms | Allocations: 35)
  Rendered searches/index.html.erb within layouts/application (Duration: 2.8ms | Allocations: 768)
  Rendered layout layouts/application.html.erb (Duration: 6.9ms | Allocations: 3155)
Completed 200 OK in 9ms (Views: 6.7ms | ActiveRecord: 0.8ms | Allocations: 3464)


Started GET "/articles?query=Hello+world" for ::1 at 2023-04-11 15:39:00 +0200
Processing by ArticlesController#index as HTML
  Parameters: {"query"=>"Hello world"}
  [1m[36mUser Load (0.2ms)[0m  [1m[34mSELECT "users".* FROM "users" WHERE "users"."ip_address" = $1 LIMIT $2[0m  [["ip_address", "::1"], ["LIMIT", 1]]
  ↳ app/controllers/application_controller.rb:11:in `logged_user'
  [1m[36mSearch Load (0.4ms)[0m  [1m[34mSELECT "searches".* FROM "searches" WHERE "searches"."user_id" = $1 ORDER BY "searches"."created_at" DESC LIMIT $2[0m  [["user_id", 1], ["LIMIT", 1]]
  ↳ app/controllers/articles_controller.rb:16:in `save_query'
  [1m[36mTRANSACTION (0.2ms)[0m  [1m[35mBEGIN[0m
  ↳ app/controllers/articles_controller.rb:20:in `save_query'
  [1m[36mSearch Create (0.6ms)[0m  [1m[32mINSERT INTO "searches" ("query", "user_id", "created_at", "updated_at") VALUES ($1, $2, $3, $4) RETURNING "id"[0m  [["query", "Hello world"], ["user_id", 1], ["created_at", "2023-04-11 13:39:00.225904"], ["updated_at", "2023-04-11 13:39:00.225904"]]
  ↳ app/controllers/articles_controller.rb:20:in `save_query'
  [1m[36mTRANSACTION (0.5ms)[0m  [1m[35mCOMMIT[0m
  ↳ app/controllers/articles_controller.rb:20:in `save_query'
  Rendering layout layouts/application.html.erb
  Rendering articles/index.html.erb within layouts/application
  [1m[36mArticle Load (0.4ms)[0m  [1m[34mSELECT "articles".* FROM "articles" WHERE (title ILIKE '%Hello world%') LIMIT $1[0m  [["LIMIT", 50]]
  ↳ app/views/articles/index.html.erb:9
  Rendered articles/index.html.erb within layouts/application (Duration: 2.3ms | Allocations: 1771)
  Rendered layout layouts/application.html.erb (Duration: 6.5ms | Allocations: 4082)
Completed 200 OK in 18ms (Views: 7.5ms | ActiveRecord: 2.3ms | Allocations: 7731)


Started GET "/searches" for ::1 at 2023-04-11 15:39:04 +0200
Processing by SearchesController#index as HTML
  Rendering layout layouts/application.html.erb
  Rendering searches/index.html.erb within layouts/application
  [1m[36mSearch Load (0.6ms)[0m  [1m[34mSELECT query, COUNT(*) as total FROM "searches" GROUP BY "searches"."query" ORDER BY total DESC LIMIT $1[0m  [["LIMIT", 30]]
  ↳ app/views/searches/index.html.erb:1
  Rendered collection of searches/_search.html.erb [2 times] (Duration: 0.2ms | Allocations: 57)
  Rendered searches/index.html.erb within layouts/application (Duration: 2.5ms | Allocations: 799)
  Rendered layout layouts/application.html.erb (Duration: 8.7ms | Allocations: 3128)
Completed 200 OK in 11ms (Views: 9.4ms | ActiveRecord: 0.6ms | Allocations: 3436)


Started GET "/" for ::1 at 2023-04-11 15:41:59 +0200
Processing by ArticlesController#index as HTML
  [1m[36mUser Load (0.2ms)[0m  [1m[34mSELECT "users".* FROM "users" WHERE "users"."ip_address" = $1 LIMIT $2[0m  [["ip_address", "::1"], ["LIMIT", 1]]
  ↳ app/controllers/application_controller.rb:11:in `logged_user'
  Rendering layout layouts/application.html.erb
  Rendering articles/index.html.erb within layouts/application
  [1m[36mArticle Load (0.4ms)[0m  [1m[34mSELECT "articles".* FROM "articles" LIMIT $1[0m  [["LIMIT", 20]]
  ↳ app/views/articles/index.html.erb:9
  Rendered articles/index.html.erb within layouts/application (Duration: 4.6ms | Allocations: 2322)
  Rendered layout layouts/application.html.erb (Duration: 12.0ms | Allocations: 4917)
Completed 200 OK in 18ms (Views: 13.9ms | ActiveRecord: 0.7ms | Allocations: 6348)


Started GET "/searches" for ::1 at 2023-04-11 15:42:05 +0200
Processing by SearchesController#index as HTML
  Rendering layout layouts/application.html.erb
  Rendering searches/index.html.erb within layouts/application
  [1m[36mSearch Load (0.6ms)[0m  [1m[34mSELECT query, COUNT(*) as total FROM "searches" GROUP BY "searches"."query" ORDER BY total DESC LIMIT $1[0m  [["LIMIT", 30]]
  ↳ app/views/searches/index.html.erb:1
  Rendered collection of searches/_search.html.erb [2 times] (Duration: 0.7ms | Allocations: 179)
  Rendered searches/index.html.erb within layouts/application (Duration: 10.6ms | Allocations: 1094)
  Rendered layout layouts/application.html.erb (Duration: 15.4ms | Allocations: 3541)
Completed 200 OK in 20ms (Views: 17.4ms | ActiveRecord: 0.6ms | Allocations: 4155)


